*** Starting uWSGI 2.0.18 (64bit) on [Wed May 15 01:35:48 2019] ***
compiled with version: 5.4.0 20160609 on 03 May 2019 18:28:07
os: Linux-4.15.0-45-generic #48~16.04.1-Ubuntu SMP Tue Jan 29 18:03:48 UTC 2019
nodename: steven-ubuntu
machine: x86_64
clock source: unix
pcre jit disabled
detected number of CPU cores: 16
current working directory: /home/steven/Desktop/Speech-Synthesis/web
writing pidfile to /home/steven/Desktop/Speech-Synthesis/web/uwsgi/uwsgi.pid
detected binary path: /home/steven/.local/bin/uwsgi
chdir() to /home/steven/Desktop/Speech-Synthesis/web
your processes number limit is 63665
your memory page size is 4096 bytes
detected max file descriptor number: 1024
lock engine: pthread robust mutexes
thunder lock: disabled (you can enable it with --thunder-lock)
uwsgi socket 0 bound to UNIX address /home/steven/Desktop/Speech-Synthesis/web/uwsgi/uwsgi.sock fd 3
Python version: 3.5.2 (default, Nov 12 2018, 13:43:14)  [GCC 5.4.0 20160609]
Set PythonHome to /home/steven/Desktop/Speech-Synthesis/web/.env
Python main interpreter initialized at 0x758e20
python threads support enabled
your server socket listen backlog is limited to 100 connections
your mercy for graceful operations on workers is 60 seconds
mapped 218712 bytes (213 KB) for 2 cores
*** Operational MODE: preforking ***
WSGI app 0 (mountpoint='') ready in 0 seconds on interpreter 0x758e20 pid: 1931 (default app)
*** uWSGI is running in multiple interpreter mode ***
spawned uWSGI master process (pid: 1931)
spawned uWSGI worker 1 (pid: 1934, cores: 1)
spawned uWSGI worker 2 (pid: 1935, cores: 1)
*** Stats server enabled on /home/steven/Desktop/Speech-Synthesis/web/uwsgi/uwsgi.status fd: 11 ***
Python auto-reloader enabled
*** Starting uWSGI 2.0.18 (64bit) on [Wed May 15 01:36:04 2019] ***
compiled with version: 5.4.0 20160609 on 03 May 2019 18:28:07
os: Linux-4.15.0-45-generic #48~16.04.1-Ubuntu SMP Tue Jan 29 18:03:48 UTC 2019
nodename: steven-ubuntu
machine: x86_64
clock source: unix
pcre jit disabled
detected number of CPU cores: 16
current working directory: /home/steven/Desktop/Speech-Synthesis/web
writing pidfile to /home/steven/Desktop/Speech-Synthesis/web/uwsgi/uwsgi.pid
detected binary path: /home/steven/.local/bin/uwsgi
chdir() to /home/steven/Desktop/Speech-Synthesis/web
your processes number limit is 63665
your memory page size is 4096 bytes
detected max file descriptor number: 1024
lock engine: pthread robust mutexes
thunder lock: disabled (you can enable it with --thunder-lock)
uwsgi socket 0 bound to UNIX address /home/steven/Desktop/Speech-Synthesis/web/uwsgi/uwsgi.sock fd 3
Python version: 3.5.2 (default, Nov 12 2018, 13:43:14)  [GCC 5.4.0 20160609]
Set PythonHome to /home/steven/Desktop/Speech-Synthesis/web/.env
Python main interpreter initialized at 0x20d8ea0
python threads support enabled
your server socket listen backlog is limited to 100 connections
your mercy for graceful operations on workers is 60 seconds
mapped 218712 bytes (213 KB) for 2 cores
*** Operational MODE: preforking ***
WSGI app 0 (mountpoint='') ready in 1 seconds on interpreter 0x20d8ea0 pid: 1955 (default app)
*** uWSGI is running in multiple interpreter mode ***
spawned uWSGI master process (pid: 1955)
spawned uWSGI worker 1 (pid: 1957, cores: 1)
spawned uWSGI worker 2 (pid: 1960, cores: 1)
*** Stats server enabled on /home/steven/Desktop/Speech-Synthesis/web/uwsgi/uwsgi.status fd: 11 ***
Python auto-reloader enabled
[pid: 1960|app: 0|req: 1/1] 140.113.123.251 () {44 vars in 928 bytes} [Wed May 15 01:36:33 2019] GET /text-to-speech/ => generated 1269 bytes in 10 msecs (HTTP/1.1 200) 2 headers in 81 bytes (1 switches on core 0)
[pid: 1960|app: 0|req: 2/2] 140.113.123.251 () {42 vars in 834 bytes} [Wed May 15 01:36:33 2019] GET /static/css/reset.css => generated 232 bytes in 9 msecs (HTTP/1.1 404) 2 headers in 72 bytes (1 switches on core 0)
[pid: 1960|app: 0|req: 3/3] 140.113.123.251 () {44 vars in 928 bytes} [Wed May 15 01:36:36 2019] GET /text-to-speech/ => generated 1269 bytes in 0 msecs (HTTP/1.1 200) 2 headers in 81 bytes (1 switches on core 0)
[pid: 1960|app: 0|req: 4/4] 140.113.123.251 () {42 vars in 834 bytes} [Wed May 15 01:36:36 2019] GET /static/css/reset.css => generated 232 bytes in 0 msecs (HTTP/1.1 404) 2 headers in 72 bytes (1 switches on core 0)
[pid: 1960|app: 0|req: 5/5] 140.113.123.251 () {44 vars in 941 bytes} [Wed May 15 01:36:40 2019] GET /login/ => generated 851 bytes in 2 msecs (HTTP/1.1 200) 2 headers in 80 bytes (1 switches on core 0)
[pid: 1957|app: 0|req: 1/6] 87.107.60.63 () {32 vars in 481 bytes} [Wed May 15 01:52:15 2019] GET / => generated 159 bytes in 7 msecs (HTTP/1.1 200) 2 headers in 80 bytes (1 switches on core 0)
[uwsgi-python-reloader] module/file ./index.py has been modified
[uwsgi-python-reloader] module/file ./index.py has been modified
...gracefully killing workers...
Gracefully killing worker 1 (pid: 1934)...
Gracefully killing worker 2 (pid: 1935)...
[uwsgi-python-reloader] module/file ./index.py has been modified
...gracefully killing workers...
[uwsgi-python-reloader] module/file ./index.py has been modified
Gracefully killing worker 1 (pid: 1957)...
Gracefully killing worker 2 (pid: 1960)...
worker 1 buried after 1 seconds
worker 2 buried after 1 seconds
binary reloading uWSGI...
chdir() to /home/steven/Desktop/Speech-Synthesis/web
closing all non-uwsgi socket fds > 2 (max_fd = 1024)...
found fd 3 mapped to socket 0 (/home/steven/Desktop/Speech-Synthesis/web/uwsgi/uwsgi.sock)
running /home/steven/.local/bin/uwsgi
[uWSGI] getting INI configuration from uwsgi.ini
*** Starting uWSGI 2.0.18 (64bit) on [Wed May 15 01:54:42 2019] ***
compiled with version: 5.4.0 20160609 on 03 May 2019 18:28:07
os: Linux-4.15.0-45-generic #48~16.04.1-Ubuntu SMP Tue Jan 29 18:03:48 UTC 2019
nodename: steven-ubuntu
machine: x86_64
clock source: unix
pcre jit disabled
detected number of CPU cores: 16
current working directory: /home/steven/Desktop/Speech-Synthesis/web
detected binary path: /home/steven/.local/bin/uwsgi
chdir() to /home/steven/Desktop/Speech-Synthesis/web
your processes number limit is 63665
your memory page size is 4096 bytes
detected max file descriptor number: 1024
lock engine: pthread robust mutexes
thunder lock: disabled (you can enable it with --thunder-lock)
uwsgi socket 0 inherited UNIX address /home/steven/Desktop/Speech-Synthesis/web/uwsgi/uwsgi.sock fd 3
Python version: 3.5.2 (default, Nov 12 2018, 13:43:14)  [GCC 5.4.0 20160609]
Set PythonHome to /home/steven/Desktop/Speech-Synthesis/web/.env
Python main interpreter initialized at 0x2260b40
python threads support enabled
your server socket listen backlog is limited to 100 connections
your mercy for graceful operations on workers is 60 seconds
mapped 218712 bytes (213 KB) for 2 cores
*** Operational MODE: preforking ***
  File "./index.py", line 39
    return render_template('login.html')
                                       ^
IndentationError: unindent does not match any outer indentation level
unable to load app 0 (mountpoint='') (callable not found or import error)
*** no app loaded. going in full dynamic mode ***
*** uWSGI is running in multiple interpreter mode ***
gracefully (RE)spawned uWSGI master process (pid: 1931)
spawned uWSGI worker 1 (pid: 2556, cores: 1)
spawned uWSGI worker 2 (pid: 2557, cores: 1)
*** Stats server enabled on /home/steven/Desktop/Speech-Synthesis/web/uwsgi/uwsgi.status fd: 11 ***
Python auto-reloader enabled
worker 1 buried after 1 seconds
worker 2 buried after 1 seconds
binary reloading uWSGI...
chdir() to /home/steven/Desktop/Speech-Synthesis/web
closing all non-uwsgi socket fds > 2 (max_fd = 1024)...
found fd 3 mapped to socket 0 (/home/steven/Desktop/Speech-Synthesis/web/uwsgi/uwsgi.sock)
running /home/steven/.local/bin/uwsgi
[uWSGI] getting INI configuration from uwsgi.ini
*** Starting uWSGI 2.0.18 (64bit) on [Wed May 15 01:54:43 2019] ***
compiled with version: 5.4.0 20160609 on 03 May 2019 18:28:07
os: Linux-4.15.0-45-generic #48~16.04.1-Ubuntu SMP Tue Jan 29 18:03:48 UTC 2019
nodename: steven-ubuntu
machine: x86_64
clock source: unix
pcre jit disabled
detected number of CPU cores: 16
current working directory: /home/steven/Desktop/Speech-Synthesis/web
detected binary path: /home/steven/.local/bin/uwsgi
chdir() to /home/steven/Desktop/Speech-Synthesis/web
your processes number limit is 63665
your memory page size is 4096 bytes
detected max file descriptor number: 1024
lock engine: pthread robust mutexes
thunder lock: disabled (you can enable it with --thunder-lock)
uwsgi socket 0 inherited UNIX address /home/steven/Desktop/Speech-Synthesis/web/uwsgi/uwsgi.sock fd 3
Python version: 3.5.2 (default, Nov 12 2018, 13:43:14)  [GCC 5.4.0 20160609]
Set PythonHome to /home/steven/Desktop/Speech-Synthesis/web/.env
Python main interpreter initialized at 0x16f5bb0
python threads support enabled
your server socket listen backlog is limited to 100 connections
your mercy for graceful operations on workers is 60 seconds
mapped 218712 bytes (213 KB) for 2 cores
*** Operational MODE: preforking ***
  File "./index.py", line 39
    return render_template('login.html')
                                       ^
IndentationError: unindent does not match any outer indentation level
unable to load app 0 (mountpoint='') (callable not found or import error)
*** no app loaded. going in full dynamic mode ***
*** uWSGI is running in multiple interpreter mode ***
gracefully (RE)spawned uWSGI master process (pid: 1955)
spawned uWSGI worker 1 (pid: 2582, cores: 1)
spawned uWSGI worker 2 (pid: 2583, cores: 1)
*** Stats server enabled on /home/steven/Desktop/Speech-Synthesis/web/uwsgi/uwsgi.status fd: 11 ***
Python auto-reloader enabled
*** Starting uWSGI 2.0.18 (64bit) on [Wed May 15 01:58:23 2019] ***
compiled with version: 5.4.0 20160609 on 03 May 2019 18:28:07
os: Linux-4.15.0-45-generic #48~16.04.1-Ubuntu SMP Tue Jan 29 18:03:48 UTC 2019
nodename: steven-ubuntu
machine: x86_64
clock source: unix
pcre jit disabled
detected number of CPU cores: 16
current working directory: /home/steven/Desktop/Speech-Synthesis/web
writing pidfile to /home/steven/Desktop/Speech-Synthesis/web/uwsgi/uwsgi.pid
detected binary path: /home/steven/.local/bin/uwsgi
chdir() to /home/steven/Desktop/Speech-Synthesis/web
your processes number limit is 63665
your memory page size is 4096 bytes
detected max file descriptor number: 1024
lock engine: pthread robust mutexes
thunder lock: disabled (you can enable it with --thunder-lock)
uwsgi socket 0 bound to UNIX address /home/steven/Desktop/Speech-Synthesis/web/uwsgi/uwsgi.sock fd 3
Python version: 3.5.2 (default, Nov 12 2018, 13:43:14)  [GCC 5.4.0 20160609]
Set PythonHome to /home/steven/Desktop/Speech-Synthesis/web/.env
Python main interpreter initialized at 0x26d6ea0
python threads support enabled
your server socket listen backlog is limited to 100 connections
your mercy for graceful operations on workers is 60 seconds
mapped 218712 bytes (213 KB) for 2 cores
*** Operational MODE: preforking ***
  File "./index.py", line 39
    return render_template('login.html')
                                       ^
IndentationError: unindent does not match any outer indentation level
unable to load app 0 (mountpoint='') (callable not found or import error)
*** no app loaded. going in full dynamic mode ***
*** uWSGI is running in multiple interpreter mode ***
spawned uWSGI master process (pid: 2790)
spawned uWSGI worker 1 (pid: 2791, cores: 1)
spawned uWSGI worker 2 (pid: 2792, cores: 1)
*** Stats server enabled on /home/steven/Desktop/Speech-Synthesis/web/uwsgi/uwsgi.status fd: 11 ***
Python auto-reloader enabled
*** Starting uWSGI 2.0.18 (64bit) on [Wed May 15 01:59:25 2019] ***
compiled with version: 5.4.0 20160609 on 03 May 2019 18:28:07
os: Linux-4.15.0-45-generic #48~16.04.1-Ubuntu SMP Tue Jan 29 18:03:48 UTC 2019
nodename: steven-ubuntu
machine: x86_64
clock source: unix
pcre jit disabled
detected number of CPU cores: 16
current working directory: /home/steven/Desktop/Speech-Synthesis/web
writing pidfile to /home/steven/Desktop/Speech-Synthesis/web/uwsgi/uwsgi.pid
detected binary path: /home/steven/.local/bin/uwsgi
chdir() to /home/steven/Desktop/Speech-Synthesis/web
your processes number limit is 63665
your memory page size is 4096 bytes
detected max file descriptor number: 1024
lock engine: pthread robust mutexes
thunder lock: disabled (you can enable it with --thunder-lock)
uwsgi socket 0 bound to UNIX address /home/steven/Desktop/Speech-Synthesis/web/uwsgi/uwsgi.sock fd 3
Python version: 3.5.2 (default, Nov 12 2018, 13:43:14)  [GCC 5.4.0 20160609]
Set PythonHome to /home/steven/Desktop/Speech-Synthesis/web/.env
Python main interpreter initialized at 0xeaeea0
python threads support enabled
your server socket listen backlog is limited to 100 connections
your mercy for graceful operations on workers is 60 seconds
mapped 218712 bytes (213 KB) for 2 cores
*** Operational MODE: preforking ***
WSGI app 0 (mountpoint='') ready in 0 seconds on interpreter 0xeaeea0 pid: 2816 (default app)
*** uWSGI is running in multiple interpreter mode ***
spawned uWSGI master process (pid: 2816)
spawned uWSGI worker 1 (pid: 2818, cores: 1)
spawned uWSGI worker 2 (pid: 2819, cores: 1)
*** Stats server enabled on /home/steven/Desktop/Speech-Synthesis/web/uwsgi/uwsgi.status fd: 11 ***
Python auto-reloader enabled
[pid: 2819|app: 0|req: 1/1] 140.113.123.251 () {46 vars in 972 bytes} [Wed May 15 01:59:38 2019] GET /login/ => generated 153 bytes in 7 msecs (HTTP/1.1 200) 3 headers in 94 bytes (1 switches on core 0)
[pid: 2819|app: 0|req: 2/2] 140.113.123.251 () {44 vars in 950 bytes} [Wed May 15 01:59:40 2019] GET /api/auth/logout => generated 43 bytes in 1 msecs (HTTP/1.1 200) 3 headers in 151 bytes (1 switches on core 0)
[pid: 2819|app: 0|req: 3/3] 140.113.123.251 () {40 vars in 783 bytes} [Wed May 15 01:59:48 2019] GET / => generated 159 bytes in 1 msecs (HTTP/1.1 200) 2 headers in 80 bytes (1 switches on core 0)
*** Starting uWSGI 2.0.18 (64bit) on [Wed May 15 02:01:15 2019] ***
compiled with version: 5.4.0 20160609 on 03 May 2019 18:28:07
os: Linux-4.15.0-45-generic #48~16.04.1-Ubuntu SMP Tue Jan 29 18:03:48 UTC 2019
nodename: steven-ubuntu
machine: x86_64
clock source: unix
pcre jit disabled
detected number of CPU cores: 16
current working directory: /home/steven/Desktop/Speech-Synthesis/web
writing pidfile to /home/steven/Desktop/Speech-Synthesis/web/uwsgi/uwsgi.pid
detected binary path: /home/steven/.local/bin/uwsgi
chdir() to /home/steven/Desktop/Speech-Synthesis/web
your processes number limit is 63665
your memory page size is 4096 bytes
detected max file descriptor number: 1024
lock engine: pthread robust mutexes
thunder lock: disabled (you can enable it with --thunder-lock)
uwsgi socket 0 bound to UNIX address /home/steven/Desktop/Speech-Synthesis/web/uwsgi/uwsgi.sock fd 3
Python version: 3.5.2 (default, Nov 12 2018, 13:43:14)  [GCC 5.4.0 20160609]
Set PythonHome to /home/steven/Desktop/Speech-Synthesis/web/.env
Python main interpreter initialized at 0xf6aea0
python threads support enabled
your server socket listen backlog is limited to 100 connections
your mercy for graceful operations on workers is 60 seconds
mapped 218712 bytes (213 KB) for 2 cores
*** Operational MODE: preforking ***
WSGI app 0 (mountpoint='') ready in 0 seconds on interpreter 0xf6aea0 pid: 2895 (default app)
*** uWSGI is running in multiple interpreter mode ***
spawned uWSGI master process (pid: 2895)
spawned uWSGI worker 1 (pid: 2897, cores: 1)
spawned uWSGI worker 2 (pid: 2898, cores: 1)
*** Stats server enabled on /home/steven/Desktop/Speech-Synthesis/web/uwsgi/uwsgi.status fd: 11 ***
Python auto-reloader enabled
[pid: 2898|app: 0|req: 1/1] 140.113.123.251 () {42 vars in 814 bytes} [Wed May 15 02:01:23 2019] GET / => generated 188 bytes in 10 msecs (HTTP/1.1 200) 2 headers in 80 bytes (1 switches on core 0)
[2019-05-15 02:01:25,558] ERROR in app: Exception on /login/ [GET]
Traceback (most recent call last):
  File "/home/steven/Desktop/Speech-Synthesis/web/.env/lib/python3.5/site-packages/flask/app.py", line 2292, in wsgi_app
    response = self.full_dispatch_request()
  File "/home/steven/Desktop/Speech-Synthesis/web/.env/lib/python3.5/site-packages/flask/app.py", line 1815, in full_dispatch_request
    rv = self.handle_user_exception(e)
  File "/home/steven/Desktop/Speech-Synthesis/web/.env/lib/python3.5/site-packages/flask/app.py", line 1718, in handle_user_exception
    reraise(exc_type, exc_value, tb)
  File "/home/steven/Desktop/Speech-Synthesis/web/.env/lib/python3.5/site-packages/flask/_compat.py", line 35, in reraise
    raise value
  File "/home/steven/Desktop/Speech-Synthesis/web/.env/lib/python3.5/site-packages/flask/app.py", line 1813, in full_dispatch_request
    rv = self.dispatch_request()
  File "/home/steven/Desktop/Speech-Synthesis/web/.env/lib/python3.5/site-packages/flask/app.py", line 1799, in dispatch_request
    return self.view_functions[rule.endpoint](**req.view_args)
  File "./index.py", line 37, in login
    if session['user_id']:
  File "/home/steven/Desktop/Speech-Synthesis/web/.env/lib/python3.5/site-packages/werkzeug/local.py", line 378, in <lambda>
    __getitem__ = lambda x, i: x._get_current_object()[i]
  File "/home/steven/Desktop/Speech-Synthesis/web/.env/lib/python3.5/site-packages/flask/sessions.py", line 83, in __getitem__
    return super(SecureCookieSession, self).__getitem__(key)
KeyError: 'user_id'
[pid: 2898|app: 0|req: 2/2] 140.113.123.251 () {42 vars in 842 bytes} [Wed May 15 02:01:25 2019] GET /login/ => generated 290 bytes in 3 msecs (HTTP/1.1 500) 2 headers in 84 bytes (1 switches on core 0)
*** Starting uWSGI 2.0.18 (64bit) on [Wed May 15 02:01:44 2019] ***
compiled with version: 5.4.0 20160609 on 03 May 2019 18:28:07
os: Linux-4.15.0-45-generic #48~16.04.1-Ubuntu SMP Tue Jan 29 18:03:48 UTC 2019
nodename: steven-ubuntu
machine: x86_64
clock source: unix
pcre jit disabled
detected number of CPU cores: 16
current working directory: /home/steven/Desktop/Speech-Synthesis/web
writing pidfile to /home/steven/Desktop/Speech-Synthesis/web/uwsgi/uwsgi.pid
detected binary path: /home/steven/.local/bin/uwsgi
chdir() to /home/steven/Desktop/Speech-Synthesis/web
your processes number limit is 63665
your memory page size is 4096 bytes
detected max file descriptor number: 1024
lock engine: pthread robust mutexes
thunder lock: disabled (you can enable it with --thunder-lock)
uwsgi socket 0 bound to UNIX address /home/steven/Desktop/Speech-Synthesis/web/uwsgi/uwsgi.sock fd 3
Python version: 3.5.2 (default, Nov 12 2018, 13:43:14)  [GCC 5.4.0 20160609]
Set PythonHome to /home/steven/Desktop/Speech-Synthesis/web/.env
Python main interpreter initialized at 0x2130ea0
python threads support enabled
your server socket listen backlog is limited to 100 connections
your mercy for graceful operations on workers is 60 seconds
mapped 218712 bytes (213 KB) for 2 cores
*** Operational MODE: preforking ***
WSGI app 0 (mountpoint='') ready in 0 seconds on interpreter 0x2130ea0 pid: 2906 (default app)
*** uWSGI is running in multiple interpreter mode ***
spawned uWSGI master process (pid: 2906)
spawned uWSGI worker 1 (pid: 2908, cores: 1)
spawned uWSGI worker 2 (pid: 2909, cores: 1)
*** Stats server enabled on /home/steven/Desktop/Speech-Synthesis/web/uwsgi/uwsgi.status fd: 11 ***
Python auto-reloader enabled
[uwsgi-python-reloader] module/file ./index.py has been modified
...gracefully killing workers...
Gracefully killing worker 1 (pid: 2897)...
Gracefully killing worker 2 (pid: 2898)...
[uwsgi-python-reloader] module/file ./index.py has been modified
...gracefully killing workers...
Gracefully killing worker 1 (pid: 2908)...
Gracefully killing worker 2 (pid: 2909)...
[uwsgi-python-reloader] module/file ./index.py has been modified
[uwsgi-python-reloader] module/file ./index.py has been modified
...gracefully killing workers...
Gracefully killing worker 1 (pid: 2818)...
Gracefully killing worker 2 (pid: 2819)...
*** Starting uWSGI 2.0.18 (64bit) on [Wed May 15 02:02:57 2019] ***
compiled with version: 5.4.0 20160609 on 03 May 2019 18:28:07
os: Linux-4.15.0-45-generic #48~16.04.1-Ubuntu SMP Tue Jan 29 18:03:48 UTC 2019
nodename: steven-ubuntu
machine: x86_64
clock source: unix
pcre jit disabled
detected number of CPU cores: 16
current working directory: /home/steven/Desktop/Speech-Synthesis/web
writing pidfile to /home/steven/Desktop/Speech-Synthesis/web/uwsgi/uwsgi.pid
detected binary path: /home/steven/.local/bin/uwsgi
chdir() to /home/steven/Desktop/Speech-Synthesis/web
your processes number limit is 63665
your memory page size is 4096 bytes
detected max file descriptor number: 1024
lock engine: pthread robust mutexes
thunder lock: disabled (you can enable it with --thunder-lock)
uwsgi socket 0 bound to UNIX address /home/steven/Desktop/Speech-Synthesis/web/uwsgi/uwsgi.sock fd 3
Python version: 3.5.2 (default, Nov 12 2018, 13:43:14)  [GCC 5.4.0 20160609]
Set PythonHome to /home/steven/Desktop/Speech-Synthesis/web/.env
Python main interpreter initialized at 0x13a9ea0
python threads support enabled
your server socket listen backlog is limited to 100 connections
your mercy for graceful operations on workers is 60 seconds
mapped 218712 bytes (213 KB) for 2 cores
*** Operational MODE: preforking ***
WSGI app 0 (mountpoint='') ready in 0 seconds on interpreter 0x13a9ea0 pid: 3033 (default app)
*** uWSGI is running in multiple interpreter mode ***
spawned uWSGI master process (pid: 3033)
spawned uWSGI worker 1 (pid: 3035, cores: 1)
spawned uWSGI worker 2 (pid: 3036, cores: 1)
*** Stats server enabled on /home/steven/Desktop/Speech-Synthesis/web/uwsgi/uwsgi.status fd: 11 ***
Python auto-reloader enabled
worker 1 buried after 1 seconds
worker 2 buried after 1 seconds
binary reloading uWSGI...
chdir() to /home/steven/Desktop/Speech-Synthesis/web
closing all non-uwsgi socket fds > 2 (max_fd = 1024)...
found fd 3 mapped to socket 0 (/home/steven/Desktop/Speech-Synthesis/web/uwsgi/uwsgi.sock)
running /home/steven/.local/bin/uwsgi
[uWSGI] getting INI configuration from uwsgi.ini
*** Starting uWSGI 2.0.18 (64bit) on [Wed May 15 02:02:57 2019] ***
compiled with version: 5.4.0 20160609 on 03 May 2019 18:28:07
os: Linux-4.15.0-45-generic #48~16.04.1-Ubuntu SMP Tue Jan 29 18:03:48 UTC 2019
nodename: steven-ubuntu
machine: x86_64
clock source: unix
pcre jit disabled
detected number of CPU cores: 16
current working directory: /home/steven/Desktop/Speech-Synthesis/web
detected binary path: /home/steven/.local/bin/uwsgi
chdir() to /home/steven/Desktop/Speech-Synthesis/web
your processes number limit is 63665
your memory page size is 4096 bytes
detected max file descriptor number: 1024
lock engine: pthread robust mutexes
thunder lock: disabled (you can enable it with --thunder-lock)
uwsgi socket 0 inherited UNIX address /home/steven/Desktop/Speech-Synthesis/web/uwsgi/uwsgi.sock fd 3
Python version: 3.5.2 (default, Nov 12 2018, 13:43:14)  [GCC 5.4.0 20160609]
Set PythonHome to /home/steven/Desktop/Speech-Synthesis/web/.env
worker 1 buried after 1 seconds
worker 2 buried after 1 seconds
binary reloading uWSGI...
chdir() to /home/steven/Desktop/Speech-Synthesis/web
closing all non-uwsgi socket fds > 2 (max_fd = 1024)...
found fd 3 mapped to socket 0 (/home/steven/Desktop/Speech-Synthesis/web/uwsgi/uwsgi.sock)
running /home/steven/.local/bin/uwsgi
Python main interpreter initialized at 0x2537bb0
python threads support enabled
your server socket listen backlog is limited to 100 connections
your mercy for graceful operations on workers is 60 seconds
mapped 218712 bytes (213 KB) for 2 cores
*** Operational MODE: preforking ***
[uWSGI] getting INI configuration from uwsgi.ini
*** Starting uWSGI 2.0.18 (64bit) on [Wed May 15 02:02:57 2019] ***
compiled with version: 5.4.0 20160609 on 03 May 2019 18:28:07
os: Linux-4.15.0-45-generic #48~16.04.1-Ubuntu SMP Tue Jan 29 18:03:48 UTC 2019
nodename: steven-ubuntu
machine: x86_64
clock source: unix
pcre jit disabled
detected number of CPU cores: 16
current working directory: /home/steven/Desktop/Speech-Synthesis/web
detected binary path: /home/steven/.local/bin/uwsgi
chdir() to /home/steven/Desktop/Speech-Synthesis/web
your processes number limit is 63665
your memory page size is 4096 bytes
detected max file descriptor number: 1024
lock engine: pthread robust mutexes
thunder lock: disabled (you can enable it with --thunder-lock)
uwsgi socket 0 inherited UNIX address /home/steven/Desktop/Speech-Synthesis/web/uwsgi/uwsgi.sock fd 3
Python version: 3.5.2 (default, Nov 12 2018, 13:43:14)  [GCC 5.4.0 20160609]
Set PythonHome to /home/steven/Desktop/Speech-Synthesis/web/.env
Python main interpreter initialized at 0x20fcbb0
python threads support enabled
your server socket listen backlog is limited to 100 connections
your mercy for graceful operations on workers is 60 seconds
mapped 218712 bytes (213 KB) for 2 cores
*** Operational MODE: preforking ***
worker 1 buried after 1 seconds
worker 2 buried after 1 seconds
binary reloading uWSGI...
chdir() to /home/steven/Desktop/Speech-Synthesis/web
closing all non-uwsgi socket fds > 2 (max_fd = 1024)...
found fd 3 mapped to socket 0 (/home/steven/Desktop/Speech-Synthesis/web/uwsgi/uwsgi.sock)
running /home/steven/.local/bin/uwsgi
[uWSGI] getting INI configuration from uwsgi.ini
*** Starting uWSGI 2.0.18 (64bit) on [Wed May 15 02:02:57 2019] ***
compiled with version: 5.4.0 20160609 on 03 May 2019 18:28:07
os: Linux-4.15.0-45-generic #48~16.04.1-Ubuntu SMP Tue Jan 29 18:03:48 UTC 2019
nodename: steven-ubuntu
machine: x86_64
clock source: unix
pcre jit disabled
detected number of CPU cores: 16
current working directory: /home/steven/Desktop/Speech-Synthesis/web
detected binary path: /home/steven/.local/bin/uwsgi
chdir() to /home/steven/Desktop/Speech-Synthesis/web
your processes number limit is 63665
your memory page size is 4096 bytes
detected max file descriptor number: 1024
lock engine: pthread robust mutexes
thunder lock: disabled (you can enable it with --thunder-lock)
uwsgi socket 0 inherited UNIX address /home/steven/Desktop/Speech-Synthesis/web/uwsgi/uwsgi.sock fd 3
Python version: 3.5.2 (default, Nov 12 2018, 13:43:14)  [GCC 5.4.0 20160609]
Set PythonHome to /home/steven/Desktop/Speech-Synthesis/web/.env
Python main interpreter initialized at 0x2454bb0
python threads support enabled
your server socket listen backlog is limited to 100 connections
your mercy for graceful operations on workers is 60 seconds
mapped 218712 bytes (213 KB) for 2 cores
*** Operational MODE: preforking ***
WSGI app 0 (mountpoint='') ready in 0 seconds on interpreter 0x2537bb0 pid: 2895 (default app)
*** uWSGI is running in multiple interpreter mode ***
gracefully (RE)spawned uWSGI master process (pid: 2895)
spawned uWSGI worker 1 (pid: 3041, cores: 1)
spawned uWSGI worker 2 (pid: 3042, cores: 1)
*** Stats server enabled on /home/steven/Desktop/Speech-Synthesis/web/uwsgi/uwsgi.status fd: 11 ***
Python auto-reloader enabled
WSGI app 0 (mountpoint='') ready in 0 seconds on interpreter 0x20fcbb0 pid: 2906 (default app)
*** uWSGI is running in multiple interpreter mode ***
gracefully (RE)spawned uWSGI master process (pid: 2906)
spawned uWSGI worker 1 (pid: 3046, cores: 1)
spawned uWSGI worker 2 (pid: 3047, cores: 1)
*** Stats server enabled on /home/steven/Desktop/Speech-Synthesis/web/uwsgi/uwsgi.status fd: 11 ***
Python auto-reloader enabled
WSGI app 0 (mountpoint='') ready in 0 seconds on interpreter 0x2454bb0 pid: 2816 (default app)
*** uWSGI is running in multiple interpreter mode ***
gracefully (RE)spawned uWSGI master process (pid: 2816)
spawned uWSGI worker 1 (pid: 3050, cores: 1)
spawned uWSGI worker 2 (pid: 3051, cores: 1)
*** Stats server enabled on /home/steven/Desktop/Speech-Synthesis/web/uwsgi/uwsgi.status fd: 11 ***
Python auto-reloader enabled
[2019-05-15 02:03:10,788] ERROR in app: Exception on /login/ [GET]
Traceback (most recent call last):
  File "/home/steven/Desktop/Speech-Synthesis/web/.env/lib/python3.5/site-packages/flask/app.py", line 2292, in wsgi_app
    response = self.full_dispatch_request()
  File "/home/steven/Desktop/Speech-Synthesis/web/.env/lib/python3.5/site-packages/flask/app.py", line 1815, in full_dispatch_request
    rv = self.handle_user_exception(e)
  File "/home/steven/Desktop/Speech-Synthesis/web/.env/lib/python3.5/site-packages/flask/app.py", line 1718, in handle_user_exception
    reraise(exc_type, exc_value, tb)
  File "/home/steven/Desktop/Speech-Synthesis/web/.env/lib/python3.5/site-packages/flask/_compat.py", line 35, in reraise
    raise value
  File "/home/steven/Desktop/Speech-Synthesis/web/.env/lib/python3.5/site-packages/flask/app.py", line 1813, in full_dispatch_request
    rv = self.dispatch_request()
  File "/home/steven/Desktop/Speech-Synthesis/web/.env/lib/python3.5/site-packages/flask/app.py", line 1799, in dispatch_request
    return self.view_functions[rule.endpoint](**req.view_args)
  File "./index.py", line 37, in login
    if session['user_id']:
  File "/home/steven/Desktop/Speech-Synthesis/web/.env/lib/python3.5/site-packages/werkzeug/local.py", line 378, in <lambda>
    __getitem__ = lambda x, i: x._get_current_object()[i]
  File "/home/steven/Desktop/Speech-Synthesis/web/.env/lib/python3.5/site-packages/flask/sessions.py", line 83, in __getitem__
    return super(SecureCookieSession, self).__getitem__(key)
KeyError: 'user_id'
[pid: 3036|app: 0|req: 1/1] 140.113.123.251 () {44 vars in 873 bytes} [Wed May 15 02:03:10 2019] GET /login/ => generated 290 bytes in 4 msecs (HTTP/1.1 500) 2 headers in 84 bytes (1 switches on core 0)
[uwsgi-python-reloader] module/file ./index.py has been modified
...gracefully killing workers...
[uwsgi-python-reloader] module/file ./index.py has been modified
Gracefully killing worker 1 (pid: 3035)...
Gracefully killing worker 2 (pid: 3036)...
[uwsgi-python-reloader] module/file ./index.py has been modified
...gracefully killing workers...
[uwsgi-python-reloader] module/file ./index.py has been modified
Gracefully killing worker 1 (pid: 3041)...
Gracefully killing worker 2 (pid: 3042)...
[uwsgi-python-reloader] module/file ./index.py has been modified
...gracefully killing workers...
Gracefully killing worker 1 (pid: 3046)...
Gracefully killing worker 2 (pid: 3047)...
[uwsgi-python-reloader] module/file ./index.py has been modified
...gracefully killing workers...
[uwsgi-python-reloader] module/file ./index.py has been modified
Gracefully killing worker 1 (pid: 3050)...
Gracefully killing worker 2 (pid: 3051)...
worker 1 buried after 1 seconds
worker 2 buried after 1 seconds
binary reloading uWSGI...
chdir() to /home/steven/Desktop/Speech-Synthesis/web
closing all non-uwsgi socket fds > 2 (max_fd = 1024)...
found fd 3 mapped to socket 0 (/home/steven/Desktop/Speech-Synthesis/web/uwsgi/uwsgi.sock)
running /home/steven/.local/bin/uwsgi
[uWSGI] getting INI configuration from uwsgi.ini
*** Starting uWSGI 2.0.18 (64bit) on [Wed May 15 02:04:39 2019] ***
compiled with version: 5.4.0 20160609 on 03 May 2019 18:28:07
os: Linux-4.15.0-45-generic #48~16.04.1-Ubuntu SMP Tue Jan 29 18:03:48 UTC 2019
nodename: steven-ubuntu
machine: x86_64
clock source: unix
pcre jit disabled
detected number of CPU cores: 16
current working directory: /home/steven/Desktop/Speech-Synthesis/web
detected binary path: /home/steven/.local/bin/uwsgi
chdir() to /home/steven/Desktop/Speech-Synthesis/web
your processes number limit is 63665
your memory page size is 4096 bytes
detected max file descriptor number: 1024
lock engine: pthread robust mutexes
thunder lock: disabled (you can enable it with --thunder-lock)
uwsgi socket 0 inherited UNIX address /home/steven/Desktop/Speech-Synthesis/web/uwsgi/uwsgi.sock fd 3
Python version: 3.5.2 (default, Nov 12 2018, 13:43:14)  [GCC 5.4.0 20160609]
Set PythonHome to /home/steven/Desktop/Speech-Synthesis/web/.env
Python main interpreter initialized at 0x19f7bb0
python threads support enabled
your server socket listen backlog is limited to 100 connections
your mercy for graceful operations on workers is 60 seconds
mapped 218712 bytes (213 KB) for 2 cores
*** Operational MODE: preforking ***
WSGI app 0 (mountpoint='') ready in 0 seconds on interpreter 0x19f7bb0 pid: 3033 (default app)
*** uWSGI is running in multiple interpreter mode ***
gracefully (RE)spawned uWSGI master process (pid: 3033)
spawned uWSGI worker 1 (pid: 3261, cores: 1)
spawned uWSGI worker 2 (pid: 3262, cores: 1)
*** Stats server enabled on /home/steven/Desktop/Speech-Synthesis/web/uwsgi/uwsgi.status fd: 11 ***
Python auto-reloader enabled
worker 1 buried after 1 seconds
worker 2 buried after 1 seconds
binary reloading uWSGI...
chdir() to /home/steven/Desktop/Speech-Synthesis/web
closing all non-uwsgi socket fds > 2 (max_fd = 1024)...
found fd 3 mapped to socket 0 (/home/steven/Desktop/Speech-Synthesis/web/uwsgi/uwsgi.sock)
running /home/steven/.local/bin/uwsgi
[uWSGI] getting INI configuration from uwsgi.ini
*** Starting uWSGI 2.0.18 (64bit) on [Wed May 15 02:04:39 2019] ***
compiled with version: 5.4.0 20160609 on 03 May 2019 18:28:07
os: Linux-4.15.0-45-generic #48~16.04.1-Ubuntu SMP Tue Jan 29 18:03:48 UTC 2019
nodename: steven-ubuntu
machine: x86_64
clock source: unix
pcre jit disabled
detected number of CPU cores: 16
current working directory: /home/steven/Desktop/Speech-Synthesis/web
detected binary path: /home/steven/.local/bin/uwsgi
chdir() to /home/steven/Desktop/Speech-Synthesis/web
your processes number limit is 63665
your memory page size is 4096 bytes
detected max file descriptor number: 1024
lock engine: pthread robust mutexes
thunder lock: disabled (you can enable it with --thunder-lock)
uwsgi socket 0 inherited UNIX address /home/steven/Desktop/Speech-Synthesis/web/uwsgi/uwsgi.sock fd 3
Python version: 3.5.2 (default, Nov 12 2018, 13:43:14)  [GCC 5.4.0 20160609]
Set PythonHome to /home/steven/Desktop/Speech-Synthesis/web/.env
worker 1 buried after 1 seconds
worker 2 buried after 1 seconds
binary reloading uWSGI...
chdir() to /home/steven/Desktop/Speech-Synthesis/web
closing all non-uwsgi socket fds > 2 (max_fd = 1024)...
found fd 3 mapped to socket 0 (/home/steven/Desktop/Speech-Synthesis/web/uwsgi/uwsgi.sock)
running /home/steven/.local/bin/uwsgi
[uWSGI] getting INI configuration from uwsgi.ini
*** Starting uWSGI 2.0.18 (64bit) on [Wed May 15 02:04:39 2019] ***
compiled with version: 5.4.0 20160609 on 03 May 2019 18:28:07
os: Linux-4.15.0-45-generic #48~16.04.1-Ubuntu SMP Tue Jan 29 18:03:48 UTC 2019
nodename: steven-ubuntu
machine: x86_64
clock source: unix
pcre jit disabled
detected number of CPU cores: 16
current working directory: /home/steven/Desktop/Speech-Synthesis/web
detected binary path: /home/steven/.local/bin/uwsgi
chdir() to /home/steven/Desktop/Speech-Synthesis/web
your processes number limit is 63665
your memory page size is 4096 bytes
detected max file descriptor number: 1024
lock engine: pthread robust mutexes
Python main interpreter initialized at 0x1b6abb0
python threads support enabled
your server socket listen backlog is limited to 100 connections
your mercy for graceful operations on workers is 60 seconds
thunder lock: disabled (you can enable it with --thunder-lock)
uwsgi socket 0 inherited UNIX address /home/steven/Desktop/Speech-Synthesis/web/uwsgi/uwsgi.sock fd 3
mapped 218712 bytes (213 KB) for 2 cores
*** Operational MODE: preforking ***
Python version: 3.5.2 (default, Nov 12 2018, 13:43:14)  [GCC 5.4.0 20160609]
Set PythonHome to /home/steven/Desktop/Speech-Synthesis/web/.env
Python main interpreter initialized at 0x2556bb0
python threads support enabled
your server socket listen backlog is limited to 100 connections
your mercy for graceful operations on workers is 60 seconds
mapped 218712 bytes (213 KB) for 2 cores
*** Operational MODE: preforking ***
worker 1 buried after 1 seconds
worker 2 buried after 1 seconds
binary reloading uWSGI...
chdir() to /home/steven/Desktop/Speech-Synthesis/web
closing all non-uwsgi socket fds > 2 (max_fd = 1024)...
found fd 3 mapped to socket 0 (/home/steven/Desktop/Speech-Synthesis/web/uwsgi/uwsgi.sock)
running /home/steven/.local/bin/uwsgi
[uWSGI] getting INI configuration from uwsgi.ini
*** Starting uWSGI 2.0.18 (64bit) on [Wed May 15 02:04:39 2019] ***
compiled with version: 5.4.0 20160609 on 03 May 2019 18:28:07
os: Linux-4.15.0-45-generic #48~16.04.1-Ubuntu SMP Tue Jan 29 18:03:48 UTC 2019
nodename: steven-ubuntu
machine: x86_64
clock source: unix
pcre jit disabled
detected number of CPU cores: 16
current working directory: /home/steven/Desktop/Speech-Synthesis/web
detected binary path: /home/steven/.local/bin/uwsgi
chdir() to /home/steven/Desktop/Speech-Synthesis/web
your processes number limit is 63665
your memory page size is 4096 bytes
detected max file descriptor number: 1024
lock engine: pthread robust mutexes
thunder lock: disabled (you can enable it with --thunder-lock)
uwsgi socket 0 inherited UNIX address /home/steven/Desktop/Speech-Synthesis/web/uwsgi/uwsgi.sock fd 3
Python version: 3.5.2 (default, Nov 12 2018, 13:43:14)  [GCC 5.4.0 20160609]
Set PythonHome to /home/steven/Desktop/Speech-Synthesis/web/.env
Python main interpreter initialized at 0x859bb0
python threads support enabled
your server socket listen backlog is limited to 100 connections
your mercy for graceful operations on workers is 60 seconds
mapped 218712 bytes (213 KB) for 2 cores
*** Operational MODE: preforking ***
WSGI app 0 (mountpoint='') ready in 0 seconds on interpreter 0x1b6abb0 pid: 2895 (default app)
*** uWSGI is running in multiple interpreter mode ***
gracefully (RE)spawned uWSGI master process (pid: 2895)
spawned uWSGI worker 1 (pid: 3268, cores: 1)
spawned uWSGI worker 2 (pid: 3269, cores: 1)
*** Stats server enabled on /home/steven/Desktop/Speech-Synthesis/web/uwsgi/uwsgi.status fd: 11 ***
Python auto-reloader enabled
WSGI app 0 (mountpoint='') ready in 0 seconds on interpreter 0x2556bb0 pid: 2906 (default app)
*** uWSGI is running in multiple interpreter mode ***
gracefully (RE)spawned uWSGI master process (pid: 2906)
spawned uWSGI worker 1 (pid: 3272, cores: 1)
spawned uWSGI worker 2 (pid: 3273, cores: 1)
*** Stats server enabled on /home/steven/Desktop/Speech-Synthesis/web/uwsgi/uwsgi.status fd: 11 ***
Python auto-reloader enabled
WSGI app 0 (mountpoint='') ready in 0 seconds on interpreter 0x859bb0 pid: 2816 (default app)
*** uWSGI is running in multiple interpreter mode ***
gracefully (RE)spawned uWSGI master process (pid: 2816)
spawned uWSGI worker 1 (pid: 3276, cores: 1)
spawned uWSGI worker 2 (pid: 3277, cores: 1)
*** Stats server enabled on /home/steven/Desktop/Speech-Synthesis/web/uwsgi/uwsgi.status fd: 11 ***
Python auto-reloader enabled
*** Starting uWSGI 2.0.18 (64bit) on [Wed May 15 02:04:41 2019] ***
compiled with version: 5.4.0 20160609 on 03 May 2019 18:28:07
os: Linux-4.15.0-45-generic #48~16.04.1-Ubuntu SMP Tue Jan 29 18:03:48 UTC 2019
nodename: steven-ubuntu
machine: x86_64
clock source: unix
pcre jit disabled
detected number of CPU cores: 16
current working directory: /home/steven/Desktop/Speech-Synthesis/web
writing pidfile to /home/steven/Desktop/Speech-Synthesis/web/uwsgi/uwsgi.pid
detected binary path: /home/steven/.local/bin/uwsgi
chdir() to /home/steven/Desktop/Speech-Synthesis/web
your processes number limit is 63665
your memory page size is 4096 bytes
detected max file descriptor number: 1024
lock engine: pthread robust mutexes
thunder lock: disabled (you can enable it with --thunder-lock)
uwsgi socket 0 bound to UNIX address /home/steven/Desktop/Speech-Synthesis/web/uwsgi/uwsgi.sock fd 3
Python version: 3.5.2 (default, Nov 12 2018, 13:43:14)  [GCC 5.4.0 20160609]
Set PythonHome to /home/steven/Desktop/Speech-Synthesis/web/.env
Python main interpreter initialized at 0xe53ea0
python threads support enabled
your server socket listen backlog is limited to 100 connections
your mercy for graceful operations on workers is 60 seconds
mapped 218712 bytes (213 KB) for 2 cores
*** Operational MODE: preforking ***
WSGI app 0 (mountpoint='') ready in 0 seconds on interpreter 0xe53ea0 pid: 3282 (default app)
*** uWSGI is running in multiple interpreter mode ***
spawned uWSGI master process (pid: 3282)
spawned uWSGI worker 1 (pid: 3284, cores: 1)
spawned uWSGI worker 2 (pid: 3285, cores: 1)
*** Stats server enabled on /home/steven/Desktop/Speech-Synthesis/web/uwsgi/uwsgi.status fd: 11 ***
Python auto-reloader enabled
not login
[pid: 3285|app: 0|req: 1/1] 140.113.123.251 () {44 vars in 873 bytes} [Wed May 15 02:04:48 2019] GET /login/ => generated 851 bytes in 7 msecs (HTTP/1.1 200) 2 headers in 80 bytes (1 switches on core 0)
[pid: 3285|app: 0|req: 2/2] 140.113.123.251 () {40 vars in 784 bytes} [Wed May 15 02:04:52 2019] GET // => generated 188 bytes in 5 msecs (HTTP/1.1 200) 2 headers in 80 bytes (1 switches on core 0)
not login
[pid: 3285|app: 0|req: 3/3] 140.113.123.251 () {42 vars in 843 bytes} [Wed May 15 02:04:53 2019] GET /login/ => generated 851 bytes in 0 msecs (HTTP/1.1 200) 2 headers in 80 bytes (1 switches on core 0)
[pid: 3285|app: 0|req: 4/4] 140.113.123.251 () {48 vars in 922 bytes} [Wed May 15 02:04:58 2019] POST /api/auth/login => generated 55 bytes in 1 msecs (HTTP/1.1 200) 4 headers in 186 bytes (1 switches on core 0)
[pid: 3284|app: 0|req: 1/5] 140.113.123.251 () {42 vars in 868 bytes} [Wed May 15 02:05:01 2019] GET // => generated 239 bytes in 5 msecs (HTTP/1.1 302) 3 headers in 141 bytes (1 switches on core 0)
[pid: 3284|app: 0|req: 2/6] 140.113.123.251 () {42 vars in 897 bytes} [Wed May 15 02:05:01 2019] GET /text-to-speech/ => generated 1269 bytes in 7 msecs (HTTP/1.1 200) 2 headers in 81 bytes (1 switches on core 0)
[pid: 3284|app: 0|req: 3/7] 140.113.123.251 () {42 vars in 834 bytes} [Wed May 15 02:05:01 2019] GET /static/css/reset.css => generated 232 bytes in 6 msecs (HTTP/1.1 404) 2 headers in 72 bytes (1 switches on core 0)
already login
[pid: 3285|app: 0|req: 5/8] 140.113.123.251 () {44 vars in 941 bytes} [Wed May 15 02:05:04 2019] GET /login/ => generated 153 bytes in 2 msecs (HTTP/1.1 200) 2 headers in 80 bytes (1 switches on core 0)
[pid: 3285|app: 0|req: 6/9] 140.113.123.251 () {44 vars in 950 bytes} [Wed May 15 02:05:06 2019] GET /api/auth/logout => generated 43 bytes in 1 msecs (HTTP/1.1 200) 3 headers in 151 bytes (1 switches on core 0)
[pid: 3285|app: 0|req: 7/10] 140.113.123.251 () {40 vars in 783 bytes} [Wed May 15 02:05:09 2019] GET / => generated 188 bytes in 0 msecs (HTTP/1.1 200) 2 headers in 80 bytes (1 switches on core 0)
not login
[pid: 3285|app: 0|req: 8/11] 140.113.123.251 () {42 vars in 842 bytes} [Wed May 15 02:05:44 2019] GET /login/ => generated 851 bytes in 0 msecs (HTTP/1.1 200) 2 headers in 80 bytes (1 switches on core 0)
not login
[pid: 3285|app: 0|req: 9/12] 140.113.123.251 () {42 vars in 842 bytes} [Wed May 15 02:06:43 2019] GET /login/ => generated 851 bytes in 0 msecs (HTTP/1.1 200) 2 headers in 80 bytes (1 switches on core 0)
[pid: 3285|app: 0|req: 10/13] 140.113.123.251 () {48 vars in 922 bytes} [Wed May 15 02:06:48 2019] POST /api/auth/login => generated 55 bytes in 2 msecs (HTTP/1.1 200) 4 headers in 186 bytes (1 switches on core 0)
[pid: 3285|app: 0|req: 11/14] 140.113.123.251 () {50 vars in 1006 bytes} [Wed May 15 02:06:49 2019] POST /api/auth/login => generated 55 bytes in 1 msecs (HTTP/1.1 200) 4 headers in 186 bytes (1 switches on core 0)
[pid: 3285|app: 0|req: 12/15] 140.113.123.251 () {50 vars in 1006 bytes} [Wed May 15 02:06:50 2019] POST /api/auth/login => generated 55 bytes in 1 msecs (HTTP/1.1 200) 4 headers in 186 bytes (1 switches on core 0)
[pid: 3284|app: 0|req: 4/16] 140.113.123.251 () {50 vars in 1006 bytes} [Wed May 15 02:06:50 2019] POST /api/auth/login => generated 55 bytes in 2 msecs (HTTP/1.1 200) 4 headers in 186 bytes (1 switches on core 0)
[pid: 3284|app: 0|req: 5/17] 140.113.123.251 () {50 vars in 1006 bytes} [Wed May 15 02:06:50 2019] POST /api/auth/login => generated 55 bytes in 1 msecs (HTTP/1.1 200) 4 headers in 186 bytes (1 switches on core 0)
[pid: 3285|app: 0|req: 13/18] 140.113.123.251 () {50 vars in 1006 bytes} [Wed May 15 02:06:50 2019] POST /api/auth/login => generated 55 bytes in 1 msecs (HTTP/1.1 200) 4 headers in 186 bytes (1 switches on core 0)
[pid: 3285|app: 0|req: 14/19] 140.113.123.251 () {50 vars in 1006 bytes} [Wed May 15 02:06:51 2019] POST /api/auth/login => generated 55 bytes in 1 msecs (HTTP/1.1 200) 4 headers in 186 bytes (1 switches on core 0)
[pid: 3285|app: 0|req: 15/20] 140.113.123.251 () {50 vars in 1006 bytes} [Wed May 15 02:06:51 2019] POST /api/auth/login => generated 55 bytes in 1 msecs (HTTP/1.1 200) 4 headers in 186 bytes (1 switches on core 0)
[pid: 3285|app: 0|req: 16/21] 140.113.123.251 () {50 vars in 1006 bytes} [Wed May 15 02:06:51 2019] POST /api/auth/login => generated 55 bytes in 1 msecs (HTTP/1.1 200) 4 headers in 186 bytes (1 switches on core 0)
[pid: 3284|app: 0|req: 6/22] 140.113.123.251 () {50 vars in 1006 bytes} [Wed May 15 02:06:51 2019] POST /api/auth/login => generated 55 bytes in 1 msecs (HTTP/1.1 200) 4 headers in 186 bytes (1 switches on core 0)
[pid: 3284|app: 0|req: 7/23] 140.113.123.251 () {50 vars in 1006 bytes} [Wed May 15 02:06:51 2019] POST /api/auth/login => generated 55 bytes in 1 msecs (HTTP/1.1 200) 4 headers in 186 bytes (1 switches on core 0)
[pid: 3285|app: 0|req: 17/24] 140.113.123.251 () {42 vars in 868 bytes} [Wed May 15 02:07:01 2019] GET // => generated 239 bytes in 5 msecs (HTTP/1.1 302) 3 headers in 141 bytes (1 switches on core 0)
[pid: 3284|app: 0|req: 8/25] 140.113.123.251 () {42 vars in 897 bytes} [Wed May 15 02:07:01 2019] GET /text-to-speech/ => generated 1269 bytes in 8 msecs (HTTP/1.1 200) 2 headers in 81 bytes (1 switches on core 0)
[pid: 3284|app: 0|req: 9/26] 140.113.123.251 () {42 vars in 834 bytes} [Wed May 15 02:07:01 2019] GET /static/css/reset.css => generated 232 bytes in 1 msecs (HTTP/1.1 404) 2 headers in 72 bytes (1 switches on core 0)
already login
[pid: 3285|app: 0|req: 18/27] 140.113.123.251 () {44 vars in 941 bytes} [Wed May 15 02:07:07 2019] GET /login/ => generated 153 bytes in 0 msecs (HTTP/1.1 200) 2 headers in 80 bytes (1 switches on core 0)
[pid: 3285|app: 0|req: 19/28] 140.113.123.251 () {44 vars in 950 bytes} [Wed May 15 02:07:09 2019] GET /api/auth/logout => generated 43 bytes in 1 msecs (HTTP/1.1 200) 3 headers in 151 bytes (1 switches on core 0)
[pid: 3285|app: 0|req: 20/29] 140.113.123.251 () {40 vars in 783 bytes} [Wed May 15 02:07:17 2019] GET / => generated 188 bytes in 0 msecs (HTTP/1.1 200) 2 headers in 80 bytes (1 switches on core 0)
not login
[pid: 3285|app: 0|req: 21/30] 140.113.123.251 () {42 vars in 842 bytes} [Wed May 15 02:07:21 2019] GET /login/ => generated 851 bytes in 0 msecs (HTTP/1.1 200) 2 headers in 80 bytes (1 switches on core 0)
[pid: 3284|app: 0|req: 10/31] 140.113.231.220 () {42 vars in 920 bytes} [Wed May 15 02:22:03 2019] GET /static/B/eval-004.wav => generated 177694 bytes in 7 msecs via sendfile() (HTTP/1.1 200) 8 headers in 297 bytes (0 switches on core 0)
[pid: 3285|app: 0|req: 22/32] 140.113.231.220 () {46 vars in 1034 bytes} [Wed May 15 02:22:18 2019] GET /static/B/eval-001.wav => generated 58894 bytes in 5 msecs via sendfile() (HTTP/1.1 200) 8 headers in 295 bytes (0 switches on core 0)
[pid: 3285|app: 0|req: 23/33] 140.113.231.220 () {42 vars in 920 bytes} [Wed May 15 02:22:27 2019] GET /static/B/eval-002.wav => generated 62194 bytes in 1 msecs via sendfile() (HTTP/1.1 200) 8 headers in 295 bytes (0 switches on core 0)
[pid: 3285|app: 0|req: 24/34] 140.113.231.220 () {42 vars in 920 bytes} [Wed May 15 02:22:58 2019] GET /static/B/eval-005.wav => generated 154594 bytes in 1 msecs via sendfile() (HTTP/1.1 200) 8 headers in 297 bytes (0 switches on core 0)
[pid: 3284|app: 0|req: 11/35] 202.191.124.185 () {32 vars in 484 bytes} [Wed May 15 04:43:23 2019] GET / => generated 188 bytes in 7 msecs (HTTP/1.1 200) 2 headers in 80 bytes (1 switches on core 0)
[pid: 3284|app: 0|req: 12/36] 169.159.161.139 () {32 vars in 478 bytes} [Wed May 15 05:05:02 2019] GET / => generated 188 bytes in 3 msecs (HTTP/1.1 200) 2 headers in 80 bytes (1 switches on core 0)
[pid: 3285|app: 0|req: 25/37] 45.114.68.102 () {32 vars in 476 bytes} [Wed May 15 05:07:37 2019] GET / => generated 188 bytes in 0 msecs (HTTP/1.1 200) 2 headers in 80 bytes (1 switches on core 0)
[pid: 3284|app: 0|req: 13/38] 189.68.7.81 () {32 vars in 480 bytes} [Wed May 15 06:24:30 2019] GET / => generated 188 bytes in 0 msecs (HTTP/1.1 200) 2 headers in 80 bytes (1 switches on core 0)
[pid: 3284|app: 0|req: 14/39] 88.247.213.253 () {26 vars in 291 bytes} [Wed May 15 06:38:09 2019] GET / => generated 188 bytes in 0 msecs (HTTP/1.0 200) 2 headers in 80 bytes (1 switches on core 0)
[pid: 3285|app: 0|req: 26/40] 189.69.14.123 () {32 vars in 475 bytes} [Wed May 15 07:36:41 2019] GET / => generated 188 bytes in 0 msecs (HTTP/1.1 200) 2 headers in 80 bytes (1 switches on core 0)
[pid: 3285|app: 0|req: 27/41] 111.241.6.81 () {32 vars in 541 bytes} [Wed May 15 08:13:27 2019] GET /mysql/admin/index.php?lang=en => generated 232 bytes in 8 msecs (HTTP/1.1 404) 2 headers in 72 bytes (1 switches on core 0)
[pid: 3284|app: 0|req: 15/42] 111.241.6.81 () {32 vars in 545 bytes} [Wed May 15 08:13:27 2019] GET /mysql/dbadmin/index.php?lang=en => generated 232 bytes in 0 msecs (HTTP/1.1 404) 2 headers in 72 bytes (1 switches on core 0)
[pid: 3284|app: 0|req: 16/43] 111.241.6.81 () {32 vars in 551 bytes} [Wed May 15 08:13:27 2019] GET /mysql/sqlmanager/index.php?lang=en => generated 232 bytes in 0 msecs (HTTP/1.1 404) 2 headers in 72 bytes (1 switches on core 0)
[pid: 3284|app: 0|req: 17/44] 111.241.6.81 () {32 vars in 555 bytes} [Wed May 15 08:13:27 2019] GET /mysql/mysqlmanager/index.php?lang=en => generated 232 bytes in 0 msecs (HTTP/1.1 404) 2 headers in 72 bytes (1 switches on core 0)
[pid: 3285|app: 0|req: 28/45] 111.241.6.81 () {32 vars in 539 bytes} [Wed May 15 08:13:27 2019] GET /phpmyadmin/index.php?lang=en => generated 232 bytes in 0 msecs (HTTP/1.1 404) 2 headers in 72 bytes (1 switches on core 0)
[pid: 3285|app: 0|req: 29/46] 111.241.6.81 () {32 vars in 539 bytes} [Wed May 15 08:13:27 2019] GET /phpMyadmin/index.php?lang=en => generated 232 bytes in 0 msecs (HTTP/1.1 404) 2 headers in 72 bytes (1 switches on core 0)
[pid: 3285|app: 0|req: 30/47] 111.241.6.81 () {32 vars in 539 bytes} [Wed May 15 08:13:27 2019] GET /phpMyAdmin/index.php?lang=en => generated 232 bytes in 0 msecs (HTTP/1.1 404) 2 headers in 72 bytes (1 switches on core 0)
[pid: 3284|app: 0|req: 18/48] 111.241.6.81 () {32 vars in 539 bytes} [Wed May 15 08:13:27 2019] GET /phpmyAdmin/index.php?lang=en => generated 232 bytes in 0 msecs (HTTP/1.1 404) 2 headers in 72 bytes (1 switches on core 0)
[pid: 3284|app: 0|req: 19/49] 111.241.6.81 () {32 vars in 541 bytes} [Wed May 15 08:13:27 2019] GET /phpmyadmin2/index.php?lang=en => generated 232 bytes in 0 msecs (HTTP/1.1 404) 2 headers in 72 bytes (1 switches on core 0)
[pid: 3285|app: 0|req: 31/50] 111.241.6.81 () {32 vars in 541 bytes} [Wed May 15 08:13:27 2019] GET /phpmyadmin3/index.php?lang=en => generated 232 bytes in 0 msecs (HTTP/1.1 404) 2 headers in 72 bytes (1 switches on core 0)
[pid: 3285|app: 0|req: 32/51] 111.241.6.81 () {32 vars in 541 bytes} [Wed May 15 08:13:27 2019] GET /phpmyadmin4/index.php?lang=en => generated 232 bytes in 0 msecs (HTTP/1.1 404) 2 headers in 72 bytes (1 switches on core 0)
[pid: 3285|app: 0|req: 33/52] 111.241.6.81 () {32 vars in 541 bytes} [Wed May 15 08:13:27 2019] GET /2phpmyadmin/index.php?lang=en => generated 232 bytes in 0 msecs (HTTP/1.1 404) 2 headers in 72 bytes (1 switches on core 0)
[pid: 3285|app: 0|req: 34/53] 111.241.6.81 () {32 vars in 617 bytes} [Wed May 15 08:13:27 2019] GET /wp-content/plugins/portable-phpmyadmin/wp-pma-mod/index.php?lang=en => generated 232 bytes in 0 msecs (HTTP/1.1 404) 2 headers in 72 bytes (1 switches on core 0)
[pid: 3284|app: 0|req: 20/54] 111.241.6.81 () {32 vars in 529 bytes} [Wed May 15 08:13:27 2019] GET /phpmy/index.php?lang=en => generated 232 bytes in 0 msecs (HTTP/1.1 404) 2 headers in 72 bytes (1 switches on core 0)
[pid: 3284|app: 0|req: 21/55] 111.241.6.81 () {32 vars in 531 bytes} [Wed May 15 08:13:27 2019] GET /phppma/index.php?lang=en => generated 232 bytes in 0 msecs (HTTP/1.1 404) 2 headers in 72 bytes (1 switches on core 0)
[pid: 3284|app: 0|req: 22/56] 111.241.6.81 () {32 vars in 533 bytes} [Wed May 15 08:13:27 2019] GET /myadmin/index.php?lang=en => generated 232 bytes in 0 msecs (HTTP/1.1 404) 2 headers in 72 bytes (1 switches on core 0)
[pid: 3284|app: 0|req: 23/57] 111.241.6.81 () {32 vars in 531 bytes} [Wed May 15 08:13:27 2019] GET /shopdb/index.php?lang=en => generated 232 bytes in 0 msecs (HTTP/1.1 404) 2 headers in 72 bytes (1 switches on core 0)
[pid: 3285|app: 0|req: 35/58] 111.241.6.81 () {32 vars in 533 bytes} [Wed May 15 08:13:27 2019] GET /MyAdmin/index.php?lang=en => generated 232 bytes in 0 msecs (HTTP/1.1 404) 2 headers in 72 bytes (1 switches on core 0)
[pid: 3284|app: 0|req: 24/59] 111.241.6.81 () {32 vars in 533 bytes} [Wed May 15 08:13:27 2019] GET /program/index.php?lang=en => generated 232 bytes in 0 msecs (HTTP/1.1 404) 2 headers in 72 bytes (1 switches on core 0)
[pid: 3284|app: 0|req: 25/60] 111.241.6.81 () {32 vars in 525 bytes} [Wed May 15 08:13:28 2019] GET /PMA/index.php?lang=en => generated 232 bytes in 0 msecs (HTTP/1.1 404) 2 headers in 72 bytes (1 switches on core 0)
[pid: 3284|app: 0|req: 26/61] 111.241.6.81 () {32 vars in 533 bytes} [Wed May 15 08:13:28 2019] GET /dbadmin/index.php?lang=en => generated 232 bytes in 0 msecs (HTTP/1.1 404) 2 headers in 72 bytes (1 switches on core 0)
[pid: 3284|app: 0|req: 27/62] 111.241.6.81 () {32 vars in 525 bytes} [Wed May 15 08:13:28 2019] GET /pma/index.php?lang=en => generated 232 bytes in 0 msecs (HTTP/1.1 404) 2 headers in 72 bytes (1 switches on core 0)
[pid: 3284|app: 0|req: 28/63] 111.241.6.81 () {32 vars in 523 bytes} [Wed May 15 08:13:28 2019] GET /db/index.php?lang=en => generated 232 bytes in 0 msecs (HTTP/1.1 404) 2 headers in 72 bytes (1 switches on core 0)
[pid: 3284|app: 0|req: 29/64] 111.241.6.81 () {32 vars in 529 bytes} [Wed May 15 08:13:28 2019] GET /admin/index.php?lang=en => generated 232 bytes in 0 msecs (HTTP/1.1 404) 2 headers in 72 bytes (1 switches on core 0)
[pid: 3284|app: 0|req: 30/65] 111.241.6.81 () {32 vars in 529 bytes} [Wed May 15 08:13:28 2019] GET /mysql/index.php?lang=en => generated 232 bytes in 0 msecs (HTTP/1.1 404) 2 headers in 72 bytes (1 switches on core 0)
[pid: 3284|app: 0|req: 31/66] 111.241.6.81 () {32 vars in 535 bytes} [Wed May 15 08:13:28 2019] GET /database/index.php?lang=en => generated 232 bytes in 0 msecs (HTTP/1.1 404) 2 headers in 72 bytes (1 switches on core 0)
[pid: 3284|app: 0|req: 32/67] 111.241.6.81 () {32 vars in 545 bytes} [Wed May 15 08:13:28 2019] GET /db/phpmyadmin/index.php?lang=en => generated 232 bytes in 0 msecs (HTTP/1.1 404) 2 headers in 72 bytes (1 switches on core 0)
[pid: 3284|app: 0|req: 33/68] 111.241.6.81 () {32 vars in 545 bytes} [Wed May 15 08:13:28 2019] GET /db/phpMyAdmin/index.php?lang=en => generated 232 bytes in 0 msecs (HTTP/1.1 404) 2 headers in 72 bytes (1 switches on core 0)
[pid: 3284|app: 0|req: 34/69] 111.241.6.81 () {32 vars in 539 bytes} [Wed May 15 08:13:28 2019] GET /sqlmanager/index.php?lang=en => generated 232 bytes in 0 msecs (HTTP/1.1 404) 2 headers in 72 bytes (1 switches on core 0)
[pid: 3284|app: 0|req: 35/70] 111.241.6.81 () {32 vars in 543 bytes} [Wed May 15 08:13:28 2019] GET /mysqlmanager/index.php?lang=en => generated 232 bytes in 0 msecs (HTTP/1.1 404) 2 headers in 72 bytes (1 switches on core 0)
[pid: 3285|app: 0|req: 36/71] 111.241.6.81 () {32 vars in 541 bytes} [Wed May 15 08:13:28 2019] GET /php-myadmin/index.php?lang=en => generated 232 bytes in 0 msecs (HTTP/1.1 404) 2 headers in 72 bytes (1 switches on core 0)
[pid: 3284|app: 0|req: 36/72] 111.241.6.81 () {32 vars in 541 bytes} [Wed May 15 08:13:28 2019] GET /phpmy-admin/index.php?lang=en => generated 232 bytes in 1 msecs (HTTP/1.1 404) 2 headers in 72 bytes (1 switches on core 0)
[pid: 3285|app: 0|req: 37/73] 111.241.6.81 () {32 vars in 539 bytes} [Wed May 15 08:13:28 2019] GET /mysqladmin/index.php?lang=en => generated 232 bytes in 0 msecs (HTTP/1.1 404) 2 headers in 72 bytes (1 switches on core 0)
[pid: 3285|app: 0|req: 38/74] 111.241.6.81 () {32 vars in 541 bytes} [Wed May 15 08:13:28 2019] GET /mysql-admin/index.php?lang=en => generated 232 bytes in 0 msecs (HTTP/1.1 404) 2 headers in 72 bytes (1 switches on core 0)
[pid: 3284|app: 0|req: 37/75] 111.241.6.81 () {32 vars in 551 bytes} [Wed May 15 08:13:28 2019] GET /admin/phpmyadmin/index.php?lang=en => generated 232 bytes in 0 msecs (HTTP/1.1 404) 2 headers in 72 bytes (1 switches on core 0)
[pid: 3284|app: 0|req: 38/76] 111.241.6.81 () {32 vars in 551 bytes} [Wed May 15 08:13:28 2019] GET /admin/phpMyAdmin/index.php?lang=en => generated 232 bytes in 0 msecs (HTTP/1.1 404) 2 headers in 72 bytes (1 switches on core 0)
[pid: 3284|app: 0|req: 39/77] 111.241.6.81 () {32 vars in 547 bytes} [Wed May 15 08:13:28 2019] GET /admin/sysadmin/index.php?lang=en => generated 232 bytes in 0 msecs (HTTP/1.1 404) 2 headers in 72 bytes (1 switches on core 0)
[pid: 3285|app: 0|req: 39/78] 111.241.6.81 () {32 vars in 547 bytes} [Wed May 15 08:13:28 2019] GET /admin/sqladmin/index.php?lang=en => generated 232 bytes in 0 msecs (HTTP/1.1 404) 2 headers in 72 bytes (1 switches on core 0)
[pid: 3285|app: 0|req: 40/79] 111.241.6.81 () {32 vars in 535 bytes} [Wed May 15 08:13:28 2019] GET /admin/db/index.php?lang=en => generated 232 bytes in 0 msecs (HTTP/1.1 404) 2 headers in 72 bytes (1 switches on core 0)
[pid: 3284|app: 0|req: 40/80] 111.241.6.81 () {32 vars in 537 bytes} [Wed May 15 08:13:28 2019] GET /admin/web/index.php?lang=en => generated 232 bytes in 0 msecs (HTTP/1.1 404) 2 headers in 72 bytes (1 switches on core 0)
[pid: 3284|app: 0|req: 41/81] 111.241.6.81 () {32 vars in 537 bytes} [Wed May 15 08:13:28 2019] GET /admin/pMA/index.php?lang=en => generated 232 bytes in 0 msecs (HTTP/1.1 404) 2 headers in 72 bytes (1 switches on core 0)
[pid: 3285|app: 0|req: 41/82] 111.241.6.81 () {32 vars in 537 bytes} [Wed May 15 08:13:29 2019] GET /mysql/pma/index.php?lang=en => generated 232 bytes in 1 msecs (HTTP/1.1 404) 2 headers in 72 bytes (1 switches on core 0)
[pid: 3284|app: 0|req: 42/83] 111.241.6.81 () {32 vars in 535 bytes} [Wed May 15 08:13:29 2019] GET /mysql/db/index.php?lang=en => generated 232 bytes in 0 msecs (HTTP/1.1 404) 2 headers in 72 bytes (1 switches on core 0)
[pid: 3284|app: 0|req: 43/84] 111.241.6.81 () {32 vars in 537 bytes} [Wed May 15 08:13:29 2019] GET /mysql/web/index.php?lang=en => generated 232 bytes in 0 msecs (HTTP/1.1 404) 2 headers in 72 bytes (1 switches on core 0)
[pid: 3284|app: 0|req: 44/85] 111.241.6.81 () {32 vars in 537 bytes} [Wed May 15 08:13:29 2019] GET /mysql/pMA/index.php?lang=en => generated 232 bytes in 0 msecs (HTTP/1.1 404) 2 headers in 72 bytes (1 switches on core 0)
[pid: 3284|app: 0|req: 45/86] 111.241.6.81 () {32 vars in 547 bytes} [Wed May 15 08:13:29 2019] GET /sql/phpmanager/index.php?lang=en => generated 232 bytes in 0 msecs (HTTP/1.1 404) 2 headers in 72 bytes (1 switches on core 0)
[pid: 3284|app: 0|req: 46/87] 111.241.6.81 () {32 vars in 549 bytes} [Wed May 15 08:13:29 2019] GET /sql/php-myadmin/index.php?lang=en => generated 232 bytes in 0 msecs (HTTP/1.1 404) 2 headers in 72 bytes (1 switches on core 0)
[pid: 3285|app: 0|req: 42/88] 111.241.6.81 () {32 vars in 549 bytes} [Wed May 15 08:13:29 2019] GET /sql/phpmy-admin/index.php?lang=en => generated 232 bytes in 0 msecs (HTTP/1.1 404) 2 headers in 72 bytes (1 switches on core 0)
[pid: 3284|app: 0|req: 47/89] 111.241.6.81 () {32 vars in 533 bytes} [Wed May 15 08:13:29 2019] GET /sql/sql/index.php?lang=en => generated 232 bytes in 0 msecs (HTTP/1.1 404) 2 headers in 72 bytes (1 switches on core 0)
[pid: 3285|app: 0|req: 43/90] 111.241.6.81 () {32 vars in 541 bytes} [Wed May 15 08:13:29 2019] GET /sql/myadmin/index.php?lang=en => generated 232 bytes in 0 msecs (HTTP/1.1 404) 2 headers in 72 bytes (1 switches on core 0)
[pid: 3284|app: 0|req: 48/91] 111.241.6.81 () {32 vars in 543 bytes} [Wed May 15 08:13:29 2019] GET /sql/webadmin/index.php?lang=en => generated 232 bytes in 0 msecs (HTTP/1.1 404) 2 headers in 72 bytes (1 switches on core 0)
[pid: 3284|app: 0|req: 49/92] 111.241.6.81 () {32 vars in 539 bytes} [Wed May 15 08:13:29 2019] GET /sql/sqlweb/index.php?lang=en => generated 232 bytes in 0 msecs (HTTP/1.1 404) 2 headers in 72 bytes (1 switches on core 0)
[pid: 3284|app: 0|req: 50/93] 111.241.6.81 () {32 vars in 539 bytes} [Wed May 15 08:13:29 2019] GET /sql/websql/index.php?lang=en => generated 232 bytes in 0 msecs (HTTP/1.1 404) 2 headers in 72 bytes (1 switches on core 0)
[pid: 3284|app: 0|req: 51/94] 111.241.6.81 () {32 vars in 537 bytes} [Wed May 15 08:13:29 2019] GET /sql/webdb/index.php?lang=en => generated 232 bytes in 0 msecs (HTTP/1.1 404) 2 headers in 72 bytes (1 switches on core 0)
[pid: 3285|app: 0|req: 44/95] 111.241.6.81 () {32 vars in 543 bytes} [Wed May 15 08:13:29 2019] GET /sql/sqladmin/index.php?lang=en => generated 232 bytes in 0 msecs (HTTP/1.1 404) 2 headers in 72 bytes (1 switches on core 0)
[pid: 3285|app: 0|req: 45/96] 111.241.6.81 () {32 vars in 545 bytes} [Wed May 15 08:13:29 2019] GET /sql/sql-admin/index.php?lang=en => generated 232 bytes in 0 msecs (HTTP/1.1 404) 2 headers in 72 bytes (1 switches on core 0)
[pid: 3284|app: 0|req: 52/97] 111.241.6.81 () {32 vars in 549 bytes} [Wed May 15 08:13:29 2019] GET /sql/phpmyadmin2/index.php?lang=en => generated 232 bytes in 0 msecs (HTTP/1.1 404) 2 headers in 72 bytes (1 switches on core 0)
[pid: 3284|app: 0|req: 53/98] 111.241.6.81 () {32 vars in 549 bytes} [Wed May 15 08:13:29 2019] GET /sql/phpMyAdmin2/index.php?lang=en => generated 232 bytes in 0 msecs (HTTP/1.1 404) 2 headers in 72 bytes (1 switches on core 0)
[pid: 3284|app: 0|req: 54/99] 111.241.6.81 () {32 vars in 547 bytes} [Wed May 15 08:13:29 2019] GET /sql/phpMyAdmin/index.php?lang=en => generated 232 bytes in 2 msecs (HTTP/1.1 404) 2 headers in 72 bytes (1 switches on core 0)
[pid: 3285|app: 0|req: 46/100] 111.241.6.81 () {32 vars in 539 bytes} [Wed May 15 08:13:29 2019] GET /db/myadmin/index.php?lang=en => generated 232 bytes in 0 msecs (HTTP/1.1 404) 2 headers in 72 bytes (1 switches on core 0)
[pid: 3285|app: 0|req: 47/101] 111.241.6.81 () {32 vars in 541 bytes} [Wed May 15 08:13:29 2019] GET /db/webadmin/index.php?lang=en => generated 232 bytes in 1 msecs (HTTP/1.1 404) 2 headers in 72 bytes (1 switches on core 0)
[pid: 3285|app: 0|req: 48/102] 111.241.6.81 () {32 vars in 535 bytes} [Wed May 15 08:13:29 2019] GET /db/dbweb/index.php?lang=en => generated 232 bytes in 0 msecs (HTTP/1.1 404) 2 headers in 72 bytes (1 switches on core 0)
[pid: 3285|app: 0|req: 49/103] 111.241.6.81 () {32 vars in 537 bytes} [Wed May 15 08:13:29 2019] GET /db/websql/index.php?lang=en => generated 232 bytes in 0 msecs (HTTP/1.1 404) 2 headers in 72 bytes (1 switches on core 0)
[pid: 3284|app: 0|req: 55/104] 111.241.6.81 () {32 vars in 535 bytes} [Wed May 15 08:13:29 2019] GET /db/webdb/index.php?lang=en => generated 232 bytes in 0 msecs (HTTP/1.1 404) 2 headers in 72 bytes (1 switches on core 0)
[pid: 3284|app: 0|req: 56/105] 111.241.6.81 () {32 vars in 539 bytes} [Wed May 15 08:13:29 2019] GET /db/dbadmin/index.php?lang=en => generated 232 bytes in 0 msecs (HTTP/1.1 404) 2 headers in 72 bytes (1 switches on core 0)
[pid: 3284|app: 0|req: 57/106] 111.241.6.81 () {32 vars in 541 bytes} [Wed May 15 08:13:29 2019] GET /db/db-admin/index.php?lang=en => generated 232 bytes in 0 msecs (HTTP/1.1 404) 2 headers in 72 bytes (1 switches on core 0)
[pid: 3284|app: 0|req: 58/107] 111.241.6.81 () {32 vars in 547 bytes} [Wed May 15 08:13:29 2019] GET /db/phpmyadmin3/index.php?lang=en => generated 232 bytes in 0 msecs (HTTP/1.1 404) 2 headers in 72 bytes (1 switches on core 0)
[pid: 3284|app: 0|req: 59/108] 111.241.6.81 () {32 vars in 547 bytes} [Wed May 15 08:13:29 2019] GET /db/phpMyAdmin3/index.php?lang=en => generated 232 bytes in 0 msecs (HTTP/1.1 404) 2 headers in 72 bytes (1 switches on core 0)
[pid: 3285|app: 0|req: 50/109] 111.241.6.81 () {32 vars in 549 bytes} [Wed May 15 08:13:30 2019] GET /db/phpMyAdmin-3/index.php?lang=en => generated 232 bytes in 0 msecs (HTTP/1.1 404) 2 headers in 72 bytes (1 switches on core 0)
[pid: 3285|app: 0|req: 51/110] 111.241.6.81 () {32 vars in 567 bytes} [Wed May 15 08:13:30 2019] GET /administrator/phpmyadmin/index.php?lang=en => generated 232 bytes in 0 msecs (HTTP/1.1 404) 2 headers in 72 bytes (1 switches on core 0)
[pid: 3284|app: 0|req: 60/111] 111.241.6.81 () {32 vars in 567 bytes} [Wed May 15 08:13:30 2019] GET /administrator/phpMyAdmin/index.php?lang=en => generated 232 bytes in 0 msecs (HTTP/1.1 404) 2 headers in 72 bytes (1 switches on core 0)
[pid: 3284|app: 0|req: 61/112] 111.241.6.81 () {32 vars in 551 bytes} [Wed May 15 08:13:30 2019] GET /administrator/db/index.php?lang=en => generated 232 bytes in 0 msecs (HTTP/1.1 404) 2 headers in 72 bytes (1 switches on core 0)
[pid: 3284|app: 0|req: 62/113] 111.241.6.81 () {32 vars in 553 bytes} [Wed May 15 08:13:30 2019] GET /administrator/web/index.php?lang=en => generated 232 bytes in 0 msecs (HTTP/1.1 404) 2 headers in 72 bytes (1 switches on core 0)
[pid: 3285|app: 0|req: 52/114] 111.241.6.81 () {32 vars in 553 bytes} [Wed May 15 08:13:30 2019] GET /administrator/pma/index.php?lang=en => generated 232 bytes in 0 msecs (HTTP/1.1 404) 2 headers in 72 bytes (1 switches on core 0)
[pid: 3284|app: 0|req: 63/115] 111.241.6.81 () {32 vars in 553 bytes} [Wed May 15 08:13:30 2019] GET /administrator/PMA/index.php?lang=en => generated 232 bytes in 0 msecs (HTTP/1.1 404) 2 headers in 72 bytes (1 switches on core 0)
[pid: 3284|app: 0|req: 64/116] 111.241.6.81 () {32 vars in 557 bytes} [Wed May 15 08:13:30 2019] GET /administrator/admin/index.php?lang=en => generated 232 bytes in 0 msecs (HTTP/1.1 404) 2 headers in 72 bytes (1 switches on core 0)
[pid: 3284|app: 0|req: 65/117] 111.241.6.81 () {32 vars in 541 bytes} [Wed May 15 08:13:30 2019] GET /phpMyAdmin2/index.php?lang=en => generated 232 bytes in 0 msecs (HTTP/1.1 404) 2 headers in 72 bytes (1 switches on core 0)
[pid: 3284|app: 0|req: 66/118] 111.241.6.81 () {32 vars in 541 bytes} [Wed May 15 08:13:30 2019] GET /phpMyAdmin3/index.php?lang=en => generated 232 bytes in 0 msecs (HTTP/1.1 404) 2 headers in 72 bytes (1 switches on core 0)
[pid: 3284|app: 0|req: 67/119] 111.241.6.81 () {32 vars in 541 bytes} [Wed May 15 08:13:30 2019] GET /phpMyAdmin4/index.php?lang=en => generated 232 bytes in 0 msecs (HTTP/1.1 404) 2 headers in 72 bytes (1 switches on core 0)
[pid: 3284|app: 0|req: 68/120] 111.241.6.81 () {32 vars in 543 bytes} [Wed May 15 08:13:30 2019] GET /phpMyAdmin-3/index.php?lang=en => generated 232 bytes in 0 msecs (HTTP/1.1 404) 2 headers in 72 bytes (1 switches on core 0)
[pid: 3285|app: 0|req: 53/121] 111.241.6.81 () {32 vars in 543 bytes} [Wed May 15 08:13:30 2019] GET /php-my-admin/index.php?lang=en => generated 232 bytes in 0 msecs (HTTP/1.1 404) 2 headers in 72 bytes (1 switches on core 0)
[pid: 3285|app: 0|req: 54/122] 111.241.6.81 () {32 vars in 533 bytes} [Wed May 15 08:13:30 2019] GET /PMA2011/index.php?lang=en => generated 232 bytes in 0 msecs (HTTP/1.1 404) 2 headers in 72 bytes (1 switches on core 0)
[pid: 3284|app: 0|req: 69/123] 111.241.6.81 () {32 vars in 533 bytes} [Wed May 15 08:13:30 2019] GET /PMA2012/index.php?lang=en => generated 232 bytes in 0 msecs (HTTP/1.1 404) 2 headers in 72 bytes (1 switches on core 0)
[pid: 3285|app: 0|req: 55/124] 111.241.6.81 () {32 vars in 533 bytes} [Wed May 15 08:13:30 2019] GET /PMA2013/index.php?lang=en => generated 232 bytes in 1 msecs (HTTP/1.1 404) 2 headers in 72 bytes (1 switches on core 0)
[pid: 3285|app: 0|req: 56/125] 111.241.6.81 () {32 vars in 533 bytes} [Wed May 15 08:13:30 2019] GET /PMA2014/index.php?lang=en => generated 232 bytes in 0 msecs (HTTP/1.1 404) 2 headers in 72 bytes (1 switches on core 0)
[pid: 3285|app: 0|req: 57/126] 111.241.6.81 () {32 vars in 533 bytes} [Wed May 15 08:13:30 2019] GET /PMA2015/index.php?lang=en => generated 232 bytes in 0 msecs (HTTP/1.1 404) 2 headers in 72 bytes (1 switches on core 0)
[pid: 3285|app: 0|req: 58/127] 111.241.6.81 () {32 vars in 533 bytes} [Wed May 15 08:13:30 2019] GET /PMA2016/index.php?lang=en => generated 232 bytes in 0 msecs (HTTP/1.1 404) 2 headers in 72 bytes (1 switches on core 0)
[pid: 3284|app: 0|req: 70/128] 111.241.6.81 () {32 vars in 533 bytes} [Wed May 15 08:13:30 2019] GET /PMA2017/index.php?lang=en => generated 232 bytes in 0 msecs (HTTP/1.1 404) 2 headers in 72 bytes (1 switches on core 0)
[pid: 3285|app: 0|req: 59/129] 111.241.6.81 () {32 vars in 533 bytes} [Wed May 15 08:13:30 2019] GET /PMA2018/index.php?lang=en => generated 232 bytes in 0 msecs (HTTP/1.1 404) 2 headers in 72 bytes (1 switches on core 0)
[pid: 3284|app: 0|req: 71/130] 111.241.6.81 () {32 vars in 533 bytes} [Wed May 15 08:13:30 2019] GET /pma2011/index.php?lang=en => generated 232 bytes in 0 msecs (HTTP/1.1 404) 2 headers in 72 bytes (1 switches on core 0)
[pid: 3284|app: 0|req: 72/131] 111.241.6.81 () {32 vars in 533 bytes} [Wed May 15 08:13:30 2019] GET /pma2012/index.php?lang=en => generated 232 bytes in 1 msecs (HTTP/1.1 404) 2 headers in 72 bytes (1 switches on core 0)
[pid: 3284|app: 0|req: 73/132] 111.241.6.81 () {32 vars in 533 bytes} [Wed May 15 08:13:30 2019] GET /pma2013/index.php?lang=en => generated 232 bytes in 0 msecs (HTTP/1.1 404) 2 headers in 72 bytes (1 switches on core 0)
[pid: 3285|app: 0|req: 60/133] 111.241.6.81 () {32 vars in 533 bytes} [Wed May 15 08:13:30 2019] GET /pma2014/index.php?lang=en => generated 232 bytes in 0 msecs (HTTP/1.1 404) 2 headers in 72 bytes (1 switches on core 0)
[pid: 3284|app: 0|req: 74/134] 111.241.6.81 () {32 vars in 533 bytes} [Wed May 15 08:13:30 2019] GET /pma2015/index.php?lang=en => generated 232 bytes in 0 msecs (HTTP/1.1 404) 2 headers in 72 bytes (1 switches on core 0)
[pid: 3284|app: 0|req: 75/135] 111.241.6.81 () {32 vars in 533 bytes} [Wed May 15 08:13:30 2019] GET /pma2016/index.php?lang=en => generated 232 bytes in 0 msecs (HTTP/1.1 404) 2 headers in 72 bytes (1 switches on core 0)
[pid: 3284|app: 0|req: 76/136] 111.241.6.81 () {32 vars in 533 bytes} [Wed May 15 08:13:30 2019] GET /pma2017/index.php?lang=en => generated 232 bytes in 0 msecs (HTTP/1.1 404) 2 headers in 72 bytes (1 switches on core 0)
[pid: 3284|app: 0|req: 77/137] 111.241.6.81 () {32 vars in 533 bytes} [Wed May 15 08:13:30 2019] GET /pma2018/index.php?lang=en => generated 232 bytes in 0 msecs (HTTP/1.1 404) 2 headers in 72 bytes (1 switches on core 0)
[pid: 3284|app: 0|req: 78/138] 111.241.6.81 () {32 vars in 533 bytes} [Wed May 15 08:13:30 2019] GET /pma2019/index.php?lang=en => generated 232 bytes in 0 msecs (HTTP/1.1 404) 2 headers in 72 bytes (1 switches on core 0)
[pid: 3284|app: 0|req: 79/139] 111.241.6.81 () {32 vars in 547 bytes} [Wed May 15 08:13:31 2019] GET /phpmyadmin2011/index.php?lang=en => generated 232 bytes in 0 msecs (HTTP/1.1 404) 2 headers in 72 bytes (1 switches on core 0)
[pid: 3284|app: 0|req: 80/140] 111.241.6.81 () {32 vars in 547 bytes} [Wed May 15 08:13:31 2019] GET /phpmyadmin2012/index.php?lang=en => generated 232 bytes in 0 msecs (HTTP/1.1 404) 2 headers in 72 bytes (1 switches on core 0)
[pid: 3284|app: 0|req: 81/141] 111.241.6.81 () {32 vars in 547 bytes} [Wed May 15 08:13:31 2019] GET /phpmyadmin2013/index.php?lang=en => generated 232 bytes in 0 msecs (HTTP/1.1 404) 2 headers in 72 bytes (1 switches on core 0)
[pid: 3284|app: 0|req: 82/142] 111.241.6.81 () {32 vars in 547 bytes} [Wed May 15 08:13:31 2019] GET /phpmyadmin2014/index.php?lang=en => generated 232 bytes in 0 msecs (HTTP/1.1 404) 2 headers in 72 bytes (1 switches on core 0)
[pid: 3284|app: 0|req: 83/143] 111.241.6.81 () {32 vars in 547 bytes} [Wed May 15 08:13:31 2019] GET /phpmyadmin2015/index.php?lang=en => generated 232 bytes in 0 msecs (HTTP/1.1 404) 2 headers in 72 bytes (1 switches on core 0)
[pid: 3284|app: 0|req: 84/144] 111.241.6.81 () {32 vars in 547 bytes} [Wed May 15 08:13:31 2019] GET /phpmyadmin2016/index.php?lang=en => generated 232 bytes in 0 msecs (HTTP/1.1 404) 2 headers in 72 bytes (1 switches on core 0)
[pid: 3285|app: 0|req: 61/145] 111.241.6.81 () {32 vars in 547 bytes} [Wed May 15 08:13:31 2019] GET /phpmyadmin2017/index.php?lang=en => generated 232 bytes in 0 msecs (HTTP/1.1 404) 2 headers in 72 bytes (1 switches on core 0)
[pid: 3285|app: 0|req: 62/146] 111.241.6.81 () {32 vars in 547 bytes} [Wed May 15 08:13:31 2019] GET /phpmyadmin2018/index.php?lang=en => generated 232 bytes in 0 msecs (HTTP/1.1 404) 2 headers in 72 bytes (1 switches on core 0)
[pid: 3285|app: 0|req: 63/147] 111.241.6.81 () {32 vars in 547 bytes} [Wed May 15 08:13:31 2019] GET /phpmyadmin2019/index.php?lang=en => generated 232 bytes in 0 msecs (HTTP/1.1 404) 2 headers in 72 bytes (1 switches on core 0)
[pid: 3285|app: 0|req: 64/148] 111.241.6.81 () {32 vars in 517 bytes} [Wed May 15 08:13:31 2019] GET /index.php?lang=en => generated 232 bytes in 0 msecs (HTTP/1.1 404) 2 headers in 72 bytes (1 switches on core 0)
[pid: 3284|app: 0|req: 85/149] 200.196.34.200 () {32 vars in 476 bytes} [Wed May 15 09:20:23 2019] GET / => generated 188 bytes in 0 msecs (HTTP/1.1 200) 2 headers in 80 bytes (1 switches on core 0)
[pid: 3284|app: 0|req: 86/150] 79.135.212.214 () {32 vars in 476 bytes} [Wed May 15 10:54:52 2019] GET / => generated 188 bytes in 0 msecs (HTTP/1.1 200) 2 headers in 80 bytes (1 switches on core 0)
[pid: 3284|app: 0|req: 87/151] 134.209.178.241 () {36 vars in 442 bytes} [Wed May 15 13:02:16 2019] GET / => generated 188 bytes in 0 msecs (HTTP/1.1 200) 2 headers in 80 bytes (1 switches on core 0)
[pid: 3285|app: 0|req: 65/152] 95.9.59.4 () {30 vars in 350 bytes} [Wed May 15 13:08:36 2019] GET / => generated 188 bytes in 0 msecs (HTTP/1.0 200) 2 headers in 80 bytes (1 switches on core 0)
[pid: 3284|app: 0|req: 88/153] 88.237.7.75 () {30 vars in 352 bytes} [Wed May 15 13:19:33 2019] GET / => generated 188 bytes in 0 msecs (HTTP/1.0 200) 2 headers in 80 bytes (1 switches on core 0)
[pid: 3285|app: 0|req: 66/154] 31.162.251.5 () {32 vars in 474 bytes} [Wed May 15 13:29:29 2019] GET / => generated 188 bytes in 0 msecs (HTTP/1.1 200) 2 headers in 80 bytes (1 switches on core 0)
[pid: 3285|app: 0|req: 67/155] 31.162.251.5 () {32 vars in 481 bytes} [Wed May 15 13:29:29 2019] GET / => generated 188 bytes in 0 msecs (HTTP/1.1 200) 2 headers in 80 bytes (1 switches on core 0)
[pid: 3285|app: 0|req: 68/156] 45.77.11.224 () {32 vars in 386 bytes} [Wed May 15 14:55:14 2019] GET / => generated 188 bytes in 0 msecs (HTTP/1.1 200) 2 headers in 80 bytes (1 switches on core 0)
*** Starting uWSGI 2.0.18 (64bit) on [Fri May 17 01:55:33 2019] ***
compiled with version: 5.4.0 20160609 on 03 May 2019 18:28:07
os: Linux-4.15.0-45-generic #48~16.04.1-Ubuntu SMP Tue Jan 29 18:03:48 UTC 2019
nodename: steven-ubuntu
machine: x86_64
clock source: unix
pcre jit disabled
detected number of CPU cores: 16
current working directory: /home/steven/Desktop/Speech-Synthesis/web
writing pidfile to /home/steven/Desktop/Speech-Synthesis/web/uwsgi/uwsgi.pid
detected binary path: /home/steven/.local/bin/uwsgi
chdir() to /home/steven/Desktop/Speech-Synthesis/web
your processes number limit is 63665
your memory page size is 4096 bytes
detected max file descriptor number: 1024
lock engine: pthread robust mutexes
thunder lock: disabled (you can enable it with --thunder-lock)
uwsgi socket 0 bound to UNIX address /home/steven/Desktop/Speech-Synthesis/web/uwsgi/uwsgi.sock fd 3
Python version: 3.5.2 (default, Nov 12 2018, 13:43:14)  [GCC 5.4.0 20160609]
Set PythonHome to /home/steven/Desktop/Speech-Synthesis/web/.env
Python main interpreter initialized at 0x1432e70
python threads support enabled
your server socket listen backlog is limited to 100 connections
your mercy for graceful operations on workers is 60 seconds
mapped 218712 bytes (213 KB) for 2 cores
*** Operational MODE: preforking ***
Traceback (most recent call last):
  File "./index.py", line 2, in <module>
    from flask_sqlalchemy import SQLAlchemy
ImportError: No module named 'flask_sqlalchemy'
unable to load app 0 (mountpoint='') (callable not found or import error)
*** no app loaded. going in full dynamic mode ***
*** uWSGI is running in multiple interpreter mode ***
spawned uWSGI master process (pid: 5048)
spawned uWSGI worker 1 (pid: 5050, cores: 1)
spawned uWSGI worker 2 (pid: 5051, cores: 1)
*** Stats server enabled on /home/steven/Desktop/Speech-Synthesis/web/uwsgi/uwsgi.status fd: 11 ***
Python auto-reloader enabled
*** Starting uWSGI 2.0.18 (64bit) on [Fri May 17 01:57:53 2019] ***
compiled with version: 5.4.0 20160609 on 03 May 2019 18:28:07
os: Linux-4.15.0-45-generic #48~16.04.1-Ubuntu SMP Tue Jan 29 18:03:48 UTC 2019
nodename: steven-ubuntu
machine: x86_64
clock source: unix
pcre jit disabled
detected number of CPU cores: 16
current working directory: /home/steven/Desktop/Speech-Synthesis/web
writing pidfile to /home/steven/Desktop/Speech-Synthesis/web/uwsgi/uwsgi.pid
detected binary path: /home/steven/.local/bin/uwsgi
chdir() to /home/steven/Desktop/Speech-Synthesis/web
your processes number limit is 63665
your memory page size is 4096 bytes
detected max file descriptor number: 1024
lock engine: pthread robust mutexes
thunder lock: disabled (you can enable it with --thunder-lock)
uwsgi socket 0 bound to UNIX address /home/steven/Desktop/Speech-Synthesis/web/uwsgi/uwsgi.sock fd 3
Python version: 3.5.2 (default, Nov 12 2018, 13:43:14)  [GCC 5.4.0 20160609]
Set PythonHome to /home/steven/Desktop/Speech-Synthesis/web/.env
Python main interpreter initialized at 0x22d8e70
python threads support enabled
your server socket listen backlog is limited to 100 connections
your mercy for graceful operations on workers is 60 seconds
mapped 218712 bytes (213 KB) for 2 cores
*** Operational MODE: preforking ***
Traceback (most recent call last):
  File "./index.py", line 2, in <module>
    from flask_sqlalchemy import SQLAlchemy
ImportError: No module named 'flask_sqlalchemy'
unable to load app 0 (mountpoint='') (callable not found or import error)
*** no app loaded. going in full dynamic mode ***
*** uWSGI is running in multiple interpreter mode ***
spawned uWSGI master process (pid: 5148)
spawned uWSGI worker 1 (pid: 5150, cores: 1)
spawned uWSGI worker 2 (pid: 5151, cores: 1)
*** Stats server enabled on /home/steven/Desktop/Speech-Synthesis/web/uwsgi/uwsgi.status fd: 11 ***
Python auto-reloader enabled
*** Starting uWSGI 2.0.18 (64bit) on [Fri May 17 01:59:13 2019] ***
compiled with version: 5.4.0 20160609 on 03 May 2019 18:28:07
os: Linux-4.15.0-45-generic #48~16.04.1-Ubuntu SMP Tue Jan 29 18:03:48 UTC 2019
nodename: steven-ubuntu
machine: x86_64
clock source: unix
pcre jit disabled
detected number of CPU cores: 16
current working directory: /home/steven/Desktop/Speech-Synthesis/web
writing pidfile to /home/steven/Desktop/Speech-Synthesis/web/uwsgi/uwsgi.pid
detected binary path: /home/steven/.local/bin/uwsgi
chdir() to /home/steven/Desktop/Speech-Synthesis/web
your processes number limit is 63665
your memory page size is 4096 bytes
detected max file descriptor number: 1024
lock engine: pthread robust mutexes
thunder lock: disabled (you can enable it with --thunder-lock)
uwsgi socket 0 bound to UNIX address /home/steven/Desktop/Speech-Synthesis/web/uwsgi/uwsgi.sock fd 3
Python version: 3.5.2 (default, Nov 12 2018, 13:43:14)  [GCC 5.4.0 20160609]
Set PythonHome to /home/steven/Desktop/Speech-Synthesis/web/.env
Python main interpreter initialized at 0x1228e70
python threads support enabled
your server socket listen backlog is limited to 100 connections
your mercy for graceful operations on workers is 60 seconds
mapped 218712 bytes (213 KB) for 2 cores
*** Operational MODE: preforking ***
Traceback (most recent call last):
  File "./index.py", line 2, in <module>
    from flask_sqlalchemy import SQLAlchemy
ImportError: No module named 'flask_sqlalchemy'
unable to load app 0 (mountpoint='') (callable not found or import error)
*** no app loaded. going in full dynamic mode ***
*** uWSGI is running in multiple interpreter mode ***
spawned uWSGI master process (pid: 5170)
spawned uWSGI worker 1 (pid: 5172, cores: 1)
spawned uWSGI worker 2 (pid: 5173, cores: 1)
*** Stats server enabled on /home/steven/Desktop/Speech-Synthesis/web/uwsgi/uwsgi.status fd: 11 ***
Python auto-reloader enabled
*** Starting uWSGI 2.0.18 (64bit) on [Fri May 17 02:04:49 2019] ***
compiled with version: 5.4.0 20160609 on 03 May 2019 18:28:07
os: Linux-4.15.0-45-generic #48~16.04.1-Ubuntu SMP Tue Jan 29 18:03:48 UTC 2019
nodename: steven-ubuntu
machine: x86_64
clock source: unix
pcre jit disabled
detected number of CPU cores: 16
current working directory: /home/steven/Desktop/Speech-Synthesis/web
writing pidfile to /home/steven/Desktop/Speech-Synthesis/web/uwsgi/uwsgi.pid
detected binary path: /home/steven/.local/bin/uwsgi
chdir() to /home/steven/Desktop/Speech-Synthesis/web
your processes number limit is 63665
your memory page size is 4096 bytes
detected max file descriptor number: 1024
lock engine: pthread robust mutexes
thunder lock: disabled (you can enable it with --thunder-lock)
uwsgi socket 0 bound to UNIX address /home/steven/Desktop/Speech-Synthesis/web/uwsgi/uwsgi.sock fd 3
Python version: 3.5.2 (default, Nov 12 2018, 13:43:14)  [GCC 5.4.0 20160609]
Set PythonHome to /home/steven/Desktop/Speech-Synthesis/web/.env
Python main interpreter initialized at 0xd7ce10
python threads support enabled
your server socket listen backlog is limited to 100 connections
your mercy for graceful operations on workers is 60 seconds
mapped 218712 bytes (213 KB) for 2 cores
*** Operational MODE: preforking ***
Traceback (most recent call last):
  File "./index.py", line 2, in <module>
    from flask_sqlalchemy import SQLAlchemy
ImportError: No module named 'flask_sqlalchemy'
unable to load app 0 (mountpoint='') (callable not found or import error)
*** no app loaded. going in full dynamic mode ***
*** uWSGI is running in multiple interpreter mode ***
spawned uWSGI master process (pid: 5299)
spawned uWSGI worker 1 (pid: 5301, cores: 1)
spawned uWSGI worker 2 (pid: 5302, cores: 1)
*** Stats server enabled on /home/steven/Desktop/Speech-Synthesis/web/uwsgi/uwsgi.status fd: 11 ***
Python auto-reloader enabled
*** Starting uWSGI 2.0.18 (64bit) on [Fri May 17 02:09:18 2019] ***
compiled with version: 5.4.0 20160609 on 03 May 2019 18:28:07
os: Linux-4.15.0-45-generic #48~16.04.1-Ubuntu SMP Tue Jan 29 18:03:48 UTC 2019
nodename: steven-ubuntu
machine: x86_64
clock source: unix
pcre jit disabled
detected number of CPU cores: 16
current working directory: /home/steven/Desktop/Speech-Synthesis/web
writing pidfile to /home/steven/Desktop/Speech-Synthesis/web/uwsgi/uwsgi.pid
detected binary path: /home/steven/.local/bin/uwsgi
chdir() to /home/steven/Desktop/Speech-Synthesis/web
your processes number limit is 63665
your memory page size is 4096 bytes
detected max file descriptor number: 1024
lock engine: pthread robust mutexes
thunder lock: disabled (you can enable it with --thunder-lock)
uwsgi socket 0 bound to UNIX address /home/steven/Desktop/Speech-Synthesis/web/uwsgi/uwsgi.sock fd 3
Python version: 3.5.2 (default, Nov 12 2018, 13:43:14)  [GCC 5.4.0 20160609]
Set PythonHome to /home/steven/Desktop/Speech-Synthesis/web/.env
Python main interpreter initialized at 0x1517370
python threads support enabled
your server socket listen backlog is limited to 100 connections
your mercy for graceful operations on workers is 60 seconds
mapped 218712 bytes (213 KB) for 2 cores
*** Operational MODE: preforking ***
Traceback (most recent call last):
  File "./index.py", line 2, in <module>
    from flask_sqlalchemy import SQLAlchemy
ImportError: No module named 'flask_sqlalchemy'
unable to load app 0 (mountpoint='') (callable not found or import error)
*** no app loaded. going in full dynamic mode ***
*** uWSGI is running in multiple interpreter mode ***
spawned uWSGI master process (pid: 5402)
spawned uWSGI worker 1 (pid: 5404, cores: 1)
spawned uWSGI worker 2 (pid: 5405, cores: 1)
*** Stats server enabled on /home/steven/Desktop/Speech-Synthesis/web/uwsgi/uwsgi.status fd: 11 ***
Python auto-reloader enabled
*** Starting uWSGI 2.0.18 (64bit) on [Fri May 17 02:10:44 2019] ***
compiled with version: 5.4.0 20160609 on 03 May 2019 18:28:07
os: Linux-4.15.0-45-generic #48~16.04.1-Ubuntu SMP Tue Jan 29 18:03:48 UTC 2019
nodename: steven-ubuntu
machine: x86_64
clock source: unix
pcre jit disabled
detected number of CPU cores: 16
current working directory: /home/steven/Desktop/Speech-Synthesis/web
writing pidfile to /home/steven/Desktop/Speech-Synthesis/web/uwsgi/uwsgi.pid
detected binary path: /home/steven/.local/bin/uwsgi
chdir() to /home/steven/Desktop/Speech-Synthesis/web
your processes number limit is 63665
your memory page size is 4096 bytes
detected max file descriptor number: 1024
lock engine: pthread robust mutexes
thunder lock: disabled (you can enable it with --thunder-lock)
uwsgi socket 0 bound to UNIX address /home/steven/Desktop/Speech-Synthesis/web/uwsgi/uwsgi.sock fd 3
Python version: 3.5.2 (default, Nov 12 2018, 13:43:14)  [GCC 5.4.0 20160609]
Set PythonHome to /home/steven/Desktop/Speech-Synthesis/web/.env
Python main interpreter initialized at 0x173e370
python threads support enabled
your server socket listen backlog is limited to 100 connections
your mercy for graceful operations on workers is 60 seconds
mapped 218712 bytes (213 KB) for 2 cores
*** Operational MODE: preforking ***
Traceback (most recent call last):
  File "./index.py", line 2, in <module>
    from flask_sqlalchemy import SQLAlchemy
ImportError: No module named 'flask_sqlalchemy'
unable to load app 0 (mountpoint='') (callable not found or import error)
*** no app loaded. going in full dynamic mode ***
*** uWSGI is running in multiple interpreter mode ***
spawned uWSGI master process (pid: 5445)
spawned uWSGI worker 1 (pid: 5447, cores: 1)
spawned uWSGI worker 2 (pid: 5448, cores: 1)
*** Stats server enabled on /home/steven/Desktop/Speech-Synthesis/web/uwsgi/uwsgi.status fd: 11 ***
Python auto-reloader enabled
*** Starting uWSGI 2.0.18 (64bit) on [Fri May 17 02:32:11 2019] ***
compiled with version: 5.4.0 20160609 on 03 May 2019 18:28:07
os: Linux-4.15.0-45-generic #48~16.04.1-Ubuntu SMP Tue Jan 29 18:03:48 UTC 2019
nodename: steven-ubuntu
machine: x86_64
clock source: unix
pcre jit disabled
detected number of CPU cores: 16
current working directory: /home/steven/Desktop/Speech-Synthesis/web
writing pidfile to /home/steven/Desktop/Speech-Synthesis/web/uwsgi/uwsgi.pid
detected binary path: /home/steven/.local/bin/uwsgi
chdir() to /home/steven/Desktop/Speech-Synthesis/web
your processes number limit is 63665
your memory page size is 4096 bytes
detected max file descriptor number: 1024
lock engine: pthread robust mutexes
thunder lock: disabled (you can enable it with --thunder-lock)
uwsgi socket 0 bound to UNIX address /home/steven/Desktop/Speech-Synthesis/web/uwsgi/uwsgi.sock fd 3
Python version: 3.5.2 (default, Nov 12 2018, 13:43:14)  [GCC 5.4.0 20160609]
Set PythonHome to /home/steven/.conda/envs/walon
Failed to import the site module
Traceback (most recent call last):
  File "/home/steven/.conda/envs/walon/lib/python3.5/site.py", line 559, in <module>
    main()
  File "/home/steven/.conda/envs/walon/lib/python3.5/site.py", line 540, in main
    known_paths = addusersitepackages(known_paths)
  File "/home/steven/.conda/envs/walon/lib/python3.5/site.py", line 281, in addusersitepackages
    user_site = getusersitepackages()
  File "/home/steven/.conda/envs/walon/lib/python3.5/site.py", line 257, in getusersitepackages
    user_base = getuserbase() # this will also set USER_BASE
  File "/home/steven/.conda/envs/walon/lib/python3.5/site.py", line 247, in getuserbase
    USER_BASE = get_config_var('userbase')
  File "/home/steven/.conda/envs/walon/lib/python3.5/sysconfig.py", line 607, in get_config_var
    return get_config_vars().get(name)
  File "/home/steven/.conda/envs/walon/lib/python3.5/sysconfig.py", line 556, in get_config_vars
    _init_posix(_CONFIG_VARS)
  File "/home/steven/.conda/envs/walon/lib/python3.5/sysconfig.py", line 427, in _init_posix
    _temp = __import__(name, globals(), locals(), ['build_time_vars'], 0)
ImportError: No module named '_sysconfigdata_m_linux_x86_64-linux-gnu'
